Log file open, 12/12/17 16:01:46
LogWindows: Failed to load 'aqProf.dll' (GetLastError=126)
LogWindows: File 'aqProf.dll' does not exist
LogWindows: Failed to load 'VtuneApi.dll' (GetLastError=126)
LogWindows: File 'VtuneApi.dll' does not exist
LogWindows: Failed to load 'VtuneApi32e.dll' (GetLastError=126)
LogWindows: File 'VtuneApi32e.dll' does not exist
LogInit: Display: Running engine for game: BreakTheBuildFINAL
LogPlatformFile: Not using cached read wrapper
LogInit: Display: RandInit(1597654416) SRandInit(1597654416).
LogInit: Read version file with build ID '3709383'
LogInit: Overriding engine version to CL 3754814, compatible CL 3709383
LogInit: Registered custom module enumerator with build ID '3709383'
LogTaskGraph: Started task graph with 5 named threads and 14 total threads with 3 sets of task threads.
LogStats: Stats thread started at 0.521672
LogD3D11RHI: Aftermath initialized
LogModuleManager: Display: Found up-to-date module file ../../../Engine/Plugins/2D/Paper2D/Binaries/Win64/UE4Editor-Paper2D.dll (API version 3709383).
LogModuleManager: Display: Found up-to-date module file ../../../Engine/Plugins/2D/Paper2D/Binaries/Win64/UE4Editor-Paper2DEditor.dll (API version 3709383).
LogModuleManager: Display: Found up-to-date module file ../../../Engine/Plugins/2D/Paper2D/Binaries/Win64/UE4Editor-PaperSpriteSheetImporter.dll (API version 3709383).
LogModuleManager: Display: Found up-to-date module file ../../../Engine/Plugins/2D/Paper2D/Binaries/Win64/UE4Editor-PaperTiledImporter.dll (API version 3709383).
LogModuleManager: Display: Found up-to-date module file ../../../Engine/Plugins/2D/Paper2D/Binaries/Win64/UE4Editor-SmartSnapping.dll (API version 3709383).
LogModuleManager: Display: Found up-to-date module file ../../../Engine/Plugins/Blendables/LightPropagationVolume/Binaries/Win64/UE4Editor-LightPropagationVolumeRuntime.dll (API version 3709383).
LogModuleManager: Display: Found up-to-date module file ../../../Engine/Plugins/Blendables/LightPropagationVolume/Binaries/Win64/UE4Editor-LightPropagationVolumeEditor.dll (API version 3709383).
LogModuleManager: Display: Found up-to-date module file ../../../Engine/Plugins/Developer/GitSourceControl/Binaries/Win64/UE4Editor-GitSourceControl.dll (API version 3709383).
LogModuleManager: Display: Found up-to-date module file ../../../Engine/Plugins/Developer/PerforceSourceControl/Binaries/Win64/UE4Editor-PerforceSourceControl.dll (API version 3709383).
LogModuleManager: Display: Found up-to-date module file ../../../Engine/Plugins/Developer/SubversionSourceControl/Binaries/Win64/UE4Editor-SubversionSourceControl.dll (API version 3709383).
LogModuleManager: Display: Found up-to-date module file ../../../Engine/Plugins/Developer/UObjectPlugin/Binaries/Win64/UE4Editor-UObjectPlugin.dll (API version 3709383).
LogModuleManager: Display: Found up-to-date module file ../../../Engine/Plugins/Developer/VisualStudioCodeSourceCodeAccess/Binaries/Win64/UE4Editor-VisualStudioCodeSourceCodeAccess.dll (API version 3709383).
LogModuleManager: Display: Found up-to-date module file ../../../Engine/Plugins/Developer/VisualStudioSourceCodeAccess/Binaries/Win64/UE4Editor-VisualStudioSourceCodeAccess.dll (API version 3709383).
LogModuleManager: Display: Found up-to-date module file ../../../Engine/Plugins/Editor/AssetManagerEditor/Binaries/Win64/UE4Editor-AssetManagerEditor.dll (API version 3709383).
LogModuleManager: Display: Found up-to-date module file ../../../Engine/Plugins/Editor/AudioCapture/Binaries/Win64/UE4Editor-AudioCapture.dll (API version 3709383).
LogModuleManager: Display: Found up-to-date module file ../../../Engine/Plugins/Editor/FacialAnimation/Binaries/Win64/UE4Editor-FacialAnimation.dll (API version 3709383).
LogModuleManager: Display: Found up-to-date module file ../../../Engine/Plugins/Editor/FacialAnimation/Binaries/Win64/UE4Editor-FacialAnimationEditor.dll (API version 3709383).
LogModuleManager: Display: Found up-to-date module file ../../../Engine/Plugins/Editor/GameplayTagsEditor/Binaries/Win64/UE4Editor-GameplayTagsEditor.dll (API version 3709383).
LogModuleManager: Display: Found up-to-date module file ../../../Engine/Plugins/Editor/MobileLauncherProfileWizard/Binaries/Win64/UE4Editor-MobileLauncherProfileWizard.dll (API version 3709383).
LogModuleManager: Display: Found up-to-date module file ../../../Engine/Plugins/Editor/PluginBrowser/Binaries/Win64/UE4Editor-PluginBrowser.dll (API version 3709383).
LogModuleManager: Display: Found up-to-date module file ../../../Engine/Plugins/Editor/SpeedTreeImporter/Binaries/Win64/UE4Editor-SpeedTreeImporter.dll (API version 3709383).
LogModuleManager: Display: Found up-to-date module file ../../../Engine/Plugins/Experimental/AlembicImporter/Binaries/Win64/UE4Editor-AlembicImporter.dll (API version 3709383).
LogModuleManager: Display: Found up-to-date module file ../../../Engine/Plugins/Experimental/AlembicImporter/Binaries/Win64/UE4Editor-AlembicLibrary.dll (API version 3709383).
LogModuleManager: Display: Found up-to-date module file ../../../Engine/Plugins/Experimental/CharacterAI/Binaries/Win64/UE4Editor-CharacterAI.dll (API version 3709383).
LogModuleManager: Display: Found up-to-date module file ../../../Engine/Plugins/Experimental/HTML5Networking/Binaries/Win64/UE4Editor-HTML5Networking.dll (API version 3709383).
LogModuleManager: Display: Found up-to-date module file ../../../Engine/Plugins/Media/AndroidMedia/Binaries/Win64/UE4Editor-AndroidMediaEditor.dll (API version 3709383).
LogModuleManager: Display: Found up-to-date module file ../../../Engine/Plugins/Media/AndroidMedia/Binaries/Win64/UE4Editor-AndroidMediaFactory.dll (API version 3709383).
LogModuleManager: Display: Found up-to-date module file ../../../Engine/Plugins/Media/AvfMedia/Binaries/Win64/UE4Editor-AvfMediaEditor.dll (API version 3709383).
LogModuleManager: Display: Found up-to-date module file ../../../Engine/Plugins/Media/AvfMedia/Binaries/Win64/UE4Editor-AvfMediaFactory.dll (API version 3709383).
LogModuleManager: Display: Found up-to-date module file ../../../Engine/Plugins/Media/AvfMedia/Binaries/Win64/UE4Editor-AvfMediaFactory.dll (API version 3709383).
LogModuleManager: Display: Found up-to-date module file ../../../Engine/Plugins/Media/ImgMedia/Binaries/Win64/UE4Editor-ImgMedia.dll (API version 3709383).
LogModuleManager: Display: Found up-to-date module file ../../../Engine/Plugins/Media/ImgMedia/Binaries/Win64/UE4Editor-ImgMediaEditor.dll (API version 3709383).
LogModuleManager: Display: Found up-to-date module file ../../../Engine/Plugins/Media/ImgMedia/Binaries/Win64/UE4Editor-ImgMediaFactory.dll (API version 3709383).
LogModuleManager: Display: Found up-to-date module file ../../../Engine/Plugins/Media/ImgMedia/Binaries/Win64/UE4Editor-ImgMediaFactory.dll (API version 3709383).
LogModuleManager: Display: Found up-to-date module file ../../../Engine/Plugins/Media/ImgMedia/Binaries/Win64/UE4Editor-OpenExrWrapper.dll (API version 3709383).
LogModuleManager: Display: Found up-to-date module file ../../../Engine/Plugins/Media/MediaCompositing/Binaries/Win64/UE4Editor-MediaCompositing.dll (API version 3709383).
LogModuleManager: Display: Found up-to-date module file ../../../Engine/Plugins/Media/MediaCompositing/Binaries/Win64/UE4Editor-MediaCompositingEditor.dll (API version 3709383).
LogModuleManager: Display: Found up-to-date module file ../../../Engine/Plugins/Media/MediaPlayerEditor/Binaries/Win64/UE4Editor-MediaPlayerEditor.dll (API version 3709383).
LogModuleManager: Display: Found up-to-date module file ../../../Engine/Plugins/Media/WmfMedia/Binaries/Win64/UE4Editor-WmfMedia.dll (API version 3709383).
LogModuleManager: Display: Found up-to-date module file ../../../Engine/Plugins/Media/WmfMedia/Binaries/Win64/UE4Editor-WmfMediaEditor.dll (API version 3709383).
LogModuleManager: Display: Found up-to-date module file ../../../Engine/Plugins/Media/WmfMedia/Binaries/Win64/UE4Editor-WmfMediaFactory.dll (API version 3709383).
LogModuleManager: Display: Found up-to-date module file ../../../Engine/Plugins/Media/WmfMedia/Binaries/Win64/UE4Editor-WmfMediaFactory.dll (API version 3709383).
LogModuleManager: Display: Found up-to-date module file ../../../Engine/Plugins/Messaging/TcpMessaging/Binaries/Win64/UE4Editor-TcpMessaging.dll (API version 3709383).
LogModuleManager: Display: Found up-to-date module file ../../../Engine/Plugins/Messaging/UdpMessaging/Binaries/Win64/UE4Editor-UdpMessaging.dll (API version 3709383).
LogModuleManager: Display: Found up-to-date module file ../../../Engine/Plugins/MovieScene/ActorSequence/Binaries/Win64/UE4Editor-ActorSequence.dll (API version 3709383).
LogModuleManager: Display: Found up-to-date module file ../../../Engine/Plugins/MovieScene/LevelSequenceEditor/Binaries/Win64/UE4Editor-LevelSequenceEditor.dll (API version 3709383).
LogModuleManager: Display: Found up-to-date module file ../../../Engine/Plugins/MovieScene/MatineeToLevelSequence/Binaries/Win64/UE4Editor-MatineeToLevelSequence.dll (API version 3709383).
LogModuleManager: Display: Found up-to-date module file ../../../Engine/Plugins/Online/OnlineSubsystem/Binaries/Win64/UE4Editor-OnlineSubsystem.dll (API version 3709383).
LogModuleManager: Display: Found up-to-date module file ../../../Engine/Plugins/Runtime/AndroidPermission/Binaries/Win64/UE4Editor-AndroidPermission.dll (API version 3709383).
LogModuleManager: Display: Found up-to-date module file ../../../Engine/Plugins/Online/OnlineSubsystemNull/Binaries/Win64/UE4Editor-OnlineSubsystemNull.dll (API version 3709383).
LogModuleManager: Display: Found up-to-date module file ../../../Engine/Plugins/Online/OnlineSubsystemUtils/Binaries/Win64/UE4Editor-OnlineSubsystemUtils.dll (API version 3709383).
LogModuleManager: Display: Found up-to-date module file ../../../Engine/Plugins/Online/OnlineSubsystemUtils/Binaries/Win64/UE4Editor-OnlineBlueprintSupport.dll (API version 3709383).
LogModuleManager: Display: Found up-to-date module file ../../../Engine/Plugins/Runtime/AndroidDeviceProfileSelector/Binaries/Win64/UE4Editor-AndroidDeviceProfileSelector.dll (API version 3709383).
LogModuleManager: Display: Found up-to-date module file ../../../Engine/Plugins/Runtime/AppleARKit/Binaries/Win64/UE4Editor-AppleARKit.dll (API version 3709383).
LogModuleManager: Display: Found up-to-date module file ../../../Engine/Plugins/Runtime/ArchVisCharacter/Binaries/Win64/UE4Editor-ArchVisCharacter.dll (API version 3709383).
LogModuleManager: Display: Found up-to-date module file ../../../Engine/Plugins/Runtime/CableComponent/Binaries/Win64/UE4Editor-CableComponent.dll (API version 3709383).
LogModuleManager: Display: Found up-to-date module file ../../../Engine/Plugins/Runtime/CustomMeshComponent/Binaries/Win64/UE4Editor-CustomMeshComponent.dll (API version 3709383).
LogModuleManager: Display: Found up-to-date module file ../../../Engine/Plugins/Runtime/ExampleDeviceProfileSelector/Binaries/Win64/UE4Editor-ExampleDeviceProfileSelector.dll (API version 3709383).
LogModuleManager: Display: Found up-to-date module file ../../../Engine/Plugins/Runtime/ImmediatePhysics/Binaries/Win64/UE4Editor-ImmediatePhysics.dll (API version 3709383).
LogModuleManager: Display: Found up-to-date module file ../../../Engine/Plugins/Runtime/ImmediatePhysics/Binaries/Win64/UE4Editor-ImmediatePhysicsEditor.dll (API version 3709383).
LogModuleManager: Display: Found up-to-date module file ../../../Engine/Plugins/Runtime/LocationServicesBPLibrary/Binaries/Win64/UE4Editor-LocationServicesBPLibrary.dll (API version 3709383).
LogModuleManager: Display: Found up-to-date module file ../../../Engine/Plugins/Runtime/MobilePatchingUtils/Binaries/Win64/UE4Editor-MobilePatchingUtils.dll (API version 3709383).
LogModuleManager: Display: Found up-to-date module file ../../../Engine/Plugins/Runtime/Oculus/OculusVR/Binaries/Win64/UE4Editor-OculusHMD.dll (API version 3709383).
LogModuleManager: Display: Found up-to-date module file ../../../Engine/Plugins/Runtime/Oculus/OculusVR/Binaries/Win64/UE4Editor-OculusInput.dll (API version 3709383).
LogModuleManager: Display: Found up-to-date module file ../../../Engine/Plugins/Runtime/Oculus/OculusVR/Binaries/Win64/UE4Editor-OculusEditor.dll (API version 3709383).
LogModuleManager: Display: Found up-to-date module file ../../../Engine/Plugins/Runtime/PhysXVehicles/Binaries/Win64/UE4Editor-PhysXVehicles.dll (API version 3709383).
LogModuleManager: Display: Found up-to-date module file ../../../Engine/Plugins/Runtime/PhysXVehicles/Binaries/Win64/UE4Editor-PhysXVehiclesEditor.dll (API version 3709383).
LogModuleManager: Display: Found up-to-date module file ../../../Engine/Plugins/Runtime/ProceduralMeshComponent/Binaries/Win64/UE4Editor-ProceduralMeshComponent.dll (API version 3709383).
LogModuleManager: Display: Found up-to-date module file ../../../Engine/Plugins/Runtime/ProceduralMeshComponent/Binaries/Win64/UE4Editor-ProceduralMeshComponentEditor.dll (API version 3709383).
LogModuleManager: Display: Found up-to-date module file ../../../Engine/Plugins/Runtime/RuntimePhysXCooking/Binaries/Win64/UE4Editor-RuntimePhysXCooking.dll (API version 3709383).
LogModuleManager: Display: Found up-to-date module file ../../../Engine/Plugins/Runtime/Steam/SteamVR/Binaries/Win64/UE4Editor-SteamVR.dll (API version 3709383).
LogModuleManager: Display: Found up-to-date module file ../../../Engine/Plugins/Runtime/Steam/SteamVR/Binaries/Win64/UE4Editor-SteamVRController.dll (API version 3709383).
LogModuleManager: Display: Found up-to-date module file ../../../Engine/Plugins/Runtime/WindowsMoviePlayer/Binaries/Win64/UE4Editor-WindowsMoviePlayer.dll (API version 3709383).
LogPluginManager: Mounting plugin Paper2D
LogPluginManager: Mounting plugin LightPropagationVolume
LogPluginManager: Mounting plugin CodeLiteSourceCodeAccess
LogPluginManager: Mounting plugin GitSourceControl
LogPluginManager: Mounting plugin KDevelopSourceCodeAccess
LogPluginManager: Mounting plugin NullSourceCodeAccess
LogPluginManager: Mounting plugin PerforceSourceControl
LogPluginManager: Mounting plugin SubversionSourceControl
LogPluginManager: Mounting plugin UObjectPlugin
LogPluginManager: Mounting plugin VisualStudioCodeSourceCodeAccess
LogPluginManager: Mounting plugin VisualStudioSourceCodeAccess
LogPluginManager: Mounting plugin XCodeSourceCodeAccess
LogPluginManager: Mounting plugin AssetManagerEditor
LogPluginManager: Mounting plugin AudioCapture
LogPluginManager: Mounting plugin FacialAnimation
LogPluginManager: Mounting plugin GameplayTagsEditor
LogPluginManager: Mounting plugin MobileLauncherProfileWizard
LogPluginManager: Mounting plugin PluginBrowser
LogPluginManager: Mounting plugin SpeedTreeImporter
LogPluginManager: Mounting plugin AlembicImporter
LogPluginManager: Mounting plugin CharacterAI
LogPluginManager: Mounting plugin HTML5Networking
LogPluginManager: Mounting plugin AndroidMedia
LogPluginManager: Mounting plugin AvfMedia
LogPluginManager: Mounting plugin ImgMedia
LogPluginManager: Mounting plugin MediaCompositing
LogPluginManager: Mounting plugin MediaPlayerEditor
LogPluginManager: Mounting plugin WmfMedia
LogPluginManager: Mounting plugin TcpMessaging
LogPluginManager: Mounting plugin UdpMessaging
LogPluginManager: Mounting plugin ActorSequence
LogPluginManager: Mounting plugin LevelSequenceEditor
LogPluginManager: Mounting plugin MatineeToLevelSequence
LogPluginManager: Mounting plugin OnlineSubsystemGooglePlay
LogPluginManager: Mounting plugin OnlineSubsystemIOS
LogPluginManager: Mounting plugin OnlineSubsystem
LogPluginManager: Mounting plugin OnlineSubsystemNull
LogPluginManager: Mounting plugin OnlineSubsystemUtils
LogPluginManager: Mounting plugin AndroidDeviceProfileSelector
LogPluginManager: Mounting plugin AndroidMoviePlayer
LogPluginManager: Mounting plugin AndroidPermission
LogPluginManager: Mounting plugin AppleARKit
LogPluginManager: Mounting plugin AppleMoviePlayer
LogPluginManager: Mounting plugin ArchVisCharacter
LogPluginManager: Mounting plugin CableComponent
LogPluginManager: Mounting plugin CustomMeshComponent
LogPluginManager: Mounting plugin ExampleDeviceProfileSelector
LogPluginManager: Mounting plugin GoogleCloudMessaging
LogPluginManager: Mounting plugin ImmediatePhysics
LogPluginManager: Mounting plugin IOSDeviceProfileSelector
LogPluginManager: Mounting plugin LinuxDeviceProfileSelector
LogPluginManager: Mounting plugin LocationServicesBPLibrary
LogPluginManager: Mounting plugin MobilePatchingUtils
LogPluginManager: Mounting plugin OculusVR
LogPluginManager: Plugin shader directory ../../../Engine/Plugins/Runtime/Oculus/OculusVR/Shaders found
LogPluginManager: Mapping shader source directory ../../../Engine/Plugins/Runtime/Oculus/OculusVR/Shaders to virtual directory /Plugin/OculusVR
LogPluginManager: Mounting plugin PhysXVehicles
LogPluginManager: Mounting plugin ProceduralMeshComponent
LogPluginManager: Mounting plugin RuntimePhysXCooking
LogPluginManager: Mounting plugin SteamVR
LogPluginManager: Mounting plugin WindowsMoviePlayer
LogInit: Using libcurl 7.47.1
LogInit:  - built for x86_64-pc-win32
LogInit:  - supports SSL with OpenSSL/1.0.2g
LogInit:  - supports HTTP deflate (compression) using libz 1.2.8
LogInit:  - other features:
LogInit:      CURL_VERSION_SSL
LogInit:      CURL_VERSION_LIBZ
LogInit:      CURL_VERSION_IPV6
LogInit:      CURL_VERSION_ASYNCHDNS
LogInit:      CURL_VERSION_LARGEFILE
LogInit:      CURL_VERSION_IDN
LogInit:  CurlRequestOptions (configurable via config and command line):
LogInit:  - bVerifyPeer = false  - Libcurl will NOT verify peer certificate
LogInit:  - bUseHttpProxy = false  - Libcurl will NOT use HTTP proxy
LogInit:  - bDontReuseConnections = false  - Libcurl will reuse connections
LogInit:  - CertBundlePath = nullptr  - Libcurl will use whatever was configured at build time.
LogHMD: Failed initializing OVRPlugin 1.19.0
LogInit: Build: ++UE4+Release-4.18-CL-3754814
LogInit: Engine Version: 4.18.1-3754814+++UE4+Release-4.18
LogInit: Compatible Engine Version: 4.18.0-3709383+++UE4+Release-4.18
LogInit: Net CL: 3709383
LogDevObjectVersion: Number of dev versions registered: 16
LogDevObjectVersion:   Dev-Blueprints (B0D832E4-1F89-4F0D-ACCF-7EB736FD4AA2): 10
LogDevObjectVersion:   Dev-Build (E1C64328-A22C-4D53-A36C-8E866417BD8C): 0
LogDevObjectVersion:   Dev-Core (375EC13C-06E4-48FB-B500-84F0262A717E): 2
LogDevObjectVersion:   Dev-Editor (E4B068ED-F494-42E9-A231-DA0B2E46BB41): 20
LogDevObjectVersion:   Dev-Framework (CFFC743F-43B0-4480-9391-14DF171D2073): 30
LogDevObjectVersion:   Dev-Mobile (B02B49B5-BB20-44E9-A304-32B752E40360): 0
LogDevObjectVersion:   Dev-Networking (A4E4105C-59A1-49B5-A7C5-40C4547EDFEE): 0
LogDevObjectVersion:   Dev-Online (39C831C9-5AE6-47DC-9A44-9C173E1C8E7C): 0
LogDevObjectVersion:   Dev-Physics (78F01B33-EBEA-4F98-B9B4-84EACCB95AA2): 0
LogDevObjectVersion:   Dev-Platform (6631380F-2D4D-43E0-8009-CF276956A95A): 0
LogDevObjectVersion:   Dev-Rendering (12F88B9F-8875-4AFC-A67C-D90C383ABD29): 20
LogDevObjectVersion:   Dev-Sequencer (7B5AE74C-D270-4C10-A958-57980B212A5A): 4
LogDevObjectVersion:   Dev-VR (D7296918-1DD6-4BDD-9DE2-64A83CC13884): 0
LogDevObjectVersion:   Dev-LoadTimes (C2A15278-BFE7-4AFE-6C17-90FF531DF755): 1
LogDevObjectVersion:   Private-Geometry (6EACA3D4-40EC-4CC1-B786-8BED09428FC5): 1
LogDevObjectVersion:   Dev-AnimPhys (29E575DD-E0A3-4627-9D10-D276232CDCEA): 12
LogInit: Compiled (64-bit): Nov 14 2017 02:05:55
LogInit: Compiled with Visual C++: 19.00.24215.01
LogInit: Build Configuration: Development
LogInit: Branch Name: ++UE4+Release-4.18
LogInit: Command line:  
LogInit: Base directory: C:/Program Files/Epic Games/UE_4.18/Engine/Binaries/Win64/
LogInit: Installed Engine Build: 1
LogInit: Presizing for max 8388607 objects, including 0 objects not considered by GC, pre-allocating 0 bytes for permanent pool.
LogInit: Object subsystem initialized
[2017.12.12-16.01.51:481][  0]LogInit: Selected Device Profile: [Windows]
[2017.12.12-16.01.51:481][  0]LogInit: Applying CVar settings loaded from the selected device profile: [Windows]
[2017.12.12-16.01.51:557][  0]LogInit: Computer: GRANDPOPO
[2017.12.12-16.01.51:557][  0]LogInit: User: kinop
[2017.12.12-16.01.51:557][  0]LogInit: CPU Page size=4096, Cores=4
[2017.12.12-16.01.51:557][  0]LogInit: High frequency timer resolution =2.531253 MHz
[2017.12.12-16.01.51:557][  0]LogMemory: Memory total: Physical=31.9GB (32GB approx)
[2017.12.12-16.01.51:557][  0]LogMemory: Platform Memory Stats for Windows
[2017.12.12-16.01.51:557][  0]LogMemory: Process Physical Memory: 277.40 MB used, 277.40 MB peak
[2017.12.12-16.01.51:557][  0]LogMemory: Process Virtual Memory: 274.42 MB used, 274.42 MB peak
[2017.12.12-16.01.51:557][  0]LogMemory: Physical Memory: 9460.16 MB used,  23243.70 MB free, 32703.86 MB total
[2017.12.12-16.01.51:557][  0]LogMemory: Virtual Memory: 698.09 MB used,  23243.70 MB free, 134217728.00 MB total
[2017.12.12-16.01.51:947][  0]LogInit: Using OS detected language (en-GB).
[2017.12.12-16.01.51:947][  0]LogInit: Using OS detected locale (en-GB).
[2017.12.12-16.01.52:030][  0]LogTextLocalizationManager: No specific localization for 'en-GB' exists, so the 'en' localization will be used.
[2017.12.12-16.01.52:571][  0]LogInit: Setting process to per monitor DPI aware
[2017.12.12-16.01.55:547][  0]LogD3D11RHI: D3D11 adapters:
[2017.12.12-16.01.55:590][  0]LogD3D11RHI:    0. 'NVIDIA GeForce GTX 980M' (Feature Level 11_0)
[2017.12.12-16.01.55:590][  0]LogD3D11RHI:       8152/0/16351 MB DedicatedVideo/DedicatedSystem/SharedSystem, Outputs:1, VendorId:0x10de
[2017.12.12-16.01.55:592][  0]LogD3D11RHI:    1. 'Microsoft Basic Render Driver' (Feature Level 11_0)
[2017.12.12-16.01.55:592][  0]LogD3D11RHI:       0/0/16351 MB DedicatedVideo/DedicatedSystem/SharedSystem, Outputs:0, VendorId:0x1414
[2017.12.12-16.01.55:592][  0]LogD3D11RHI: Chosen D3D11 Adapter: 0
[2017.12.12-16.01.55:597][  0]LogD3D11RHI: Creating new Direct3DDevice
[2017.12.12-16.01.55:598][  0]LogD3D11RHI:     GPU DeviceId: 0x1617 (for the marketing name, search the web for "GPU Device Id")
[2017.12.12-16.01.55:598][  0]LogWindows: EnumDisplayDevices:
[2017.12.12-16.01.55:598][  0]LogWindows:    0. 'NVIDIA GeForce GTX 980M' (P:1 D:1)
[2017.12.12-16.01.55:599][  0]LogWindows:    1. 'NVIDIA GeForce GTX 980M' (P:0 D:0)
[2017.12.12-16.01.55:599][  0]LogWindows:    2. 'NVIDIA GeForce GTX 980M' (P:0 D:0)
[2017.12.12-16.01.55:599][  0]LogWindows:    3. 'NVIDIA GeForce GTX 980M' (P:0 D:0)
[2017.12.12-16.01.55:599][  0]LogWindows: DebugString: FoundDriverCount:4 
[2017.12.12-16.01.55:599][  0]LogD3D11RHI:     Adapter Name: NVIDIA GeForce GTX 980M
[2017.12.12-16.01.55:599][  0]LogD3D11RHI:   Driver Version: 369.09 (internal:21.21.13.6909, unified:369.09)
[2017.12.12-16.01.55:599][  0]LogD3D11RHI:      Driver Date: 8-1-2016
[2017.12.12-16.01.55:599][  0]LogRHI: Texture pool is 5706 MB (70% of 8152 MB)
[2017.12.12-16.01.55:617][  0]LogD3D11RHI: Async texture creation enabled
[2017.12.12-16.01.55:638][  0]LogD3D11RHI: GPU Timing Frequency: 1000.000000 (Debug: 2 1)
[2017.12.12-16.01.55:686][  0]LogShaderCompilers: Guid format shader working directory is -19 characters bigger than the processId version (D:/projects pc/uni/unreal/BreakTheBuildFINAL1/BreakTheBuildFINAL/Intermediate/Shaders/WorkingDirectory/60132/).
[2017.12.12-16.01.55:686][  0]LogShaderCompilers: Cleaned the shader compiler working directory 'C:/Users/kinop/AppData/Local/Temp/UnrealShaderWorkingDir/31B98CCA4C5A482D26CBA4BC4EE79C6D/'.
[2017.12.12-16.01.55:687][  0]LogShaderCompilers: Display: Using Local Shader Compiler.
[2017.12.12-16.01.58:287][  0]LogTemp: Display: Loaded TP AllDesktopTargetPlatform
[2017.12.12-16.01.58:347][  0]LogTemp: Display: Loaded TP MacClientTargetPlatform
[2017.12.12-16.01.58:415][  0]LogTemp: Display: Loaded TP MacNoEditorTargetPlatform
[2017.12.12-16.01.58:577][  0]LogTemp: Display: Loaded TP MacServerTargetPlatform
[2017.12.12-16.01.58:829][  0]LogTemp: Display: Loaded TP MacTargetPlatform
[2017.12.12-16.01.59:066][  0]LogTemp: Display: Loaded TP WindowsClientTargetPlatform
[2017.12.12-16.01.59:294][  0]LogTemp: Display: Loaded TP WindowsNoEditorTargetPlatform
[2017.12.12-16.01.59:533][  0]LogTemp: Display: Loaded TP WindowsServerTargetPlatform
[2017.12.12-16.01.59:729][  0]LogTemp: Display: Loaded TP WindowsTargetPlatform
[2017.12.12-16.01.59:958][  0]LogTemp: Display: Loaded TP Android_ASTCTargetPlatform
[2017.12.12-16.02.00:200][  0]LogTemp: Display: Loaded TP Android_ATCTargetPlatform
[2017.12.12-16.02.00:422][  0]LogTemp: Display: Loaded TP Android_DXTTargetPlatform
[2017.12.12-16.02.00:648][  0]LogTemp: Display: Loaded TP Android_ETC1TargetPlatform
[2017.12.12-16.02.00:869][  0]LogTemp: Display: Loaded TP Android_ETC2TargetPlatform
[2017.12.12-16.02.01:320][  0]LogTemp: Display: Loaded TP Android_MultiTargetPlatform
[2017.12.12-16.02.01:321][  0]LogTemp: Display: Loaded TP Android_PVRTCTargetPlatform
[2017.12.12-16.02.01:542][  0]LogTemp: Display: Loaded TP AndroidTargetPlatform
[2017.12.12-16.02.01:722][  0]LogTemp: Display: Loaded TP HTML5TargetPlatform
[2017.12.12-16.02.02:089][  0]LogTemp: Display: Loaded TP IOSTargetPlatform
[2017.12.12-16.02.02:222][  0]LogTemp: Display: Loaded TP TVOSTargetPlatform
[2017.12.12-16.02.02:447][  0]LogTemp: Display: Loaded TP LinuxClientTargetPlatform
[2017.12.12-16.02.02:685][  0]LogTemp: Display: Loaded TP LinuxNoEditorTargetPlatform
[2017.12.12-16.02.02:910][  0]LogTemp: Display: Loaded TP LinuxServerTargetPlatform
[2017.12.12-16.02.03:153][  0]LogTemp: Display: Loaded TP LinuxTargetPlatform
[2017.12.12-16.02.03:154][  0]LogTargetPlatformManager: Display: Building Assets For Windows
[2017.12.12-16.02.05:629][  0]LogDerivedDataCache: Display: Max Cache Size: 512 MB
[2017.12.12-16.02.05:818][  0]LogDerivedDataCache: Loaded boot cache 0.19s 78MB C:/Users/kinop/AppData/Local/UnrealEngine/4.18/DerivedDataCache/Boot.ddc.
[2017.12.12-16.02.05:818][  0]LogDerivedDataCache: Display: Loaded Boot cache: C:/Users/kinop/AppData/Local/UnrealEngine/4.18/DerivedDataCache/Boot.ddc
[2017.12.12-16.02.05:818][  0]LogDerivedDataCache: FDerivedDataBackendGraph:  Pak pak cache file D:/projects pc/uni/unreal/BreakTheBuildFINAL1/BreakTheBuildFINAL/DerivedDataCache/DDC.ddp not found, will not use a pak cache.
[2017.12.12-16.02.05:818][  0]LogDerivedDataCache: Unable to find inner node Pak for hierarchical cache Hierarchy.
[2017.12.12-16.02.05:818][  0]LogDerivedDataCache: FDerivedDataBackendGraph:  CompressedPak pak cache file D:/projects pc/uni/unreal/BreakTheBuildFINAL1/BreakTheBuildFINAL/DerivedDataCache/Compressed.ddp not found, will not use a pak cache.
[2017.12.12-16.02.05:818][  0]LogDerivedDataCache: Unable to find inner node CompressedPak for hierarchical cache Hierarchy.
[2017.12.12-16.02.05:851][  0]LogDerivedDataCache: Display: Pak cache opened for reading ../../../Engine/DerivedDataCache/Compressed.ddp.
[2017.12.12-16.02.05:864][  0]LogDerivedDataCache: Using Local data cache path C:/Users/kinop/AppData/Local/UnrealEngine/Common/DerivedDataCache: Writable
[2017.12.12-16.02.05:876][  0]LogMaterial: Verifying Global Shaders for PCD3D_SM5
[2017.12.12-16.02.05:880][  0]LogSlate: Using Freetype 2.6.0
[2017.12.12-16.02.05:897][  0]LogSlate: SlateFontCache - WITH_FREETYPE: 1, WITH_HARFBUZZ: 1
[2017.12.12-16.02.05:897][  0]LogSlate: SlateFontCache - WITH_FREETYPE: 1, WITH_HARFBUZZ: 1
[2017.12.12-16.02.07:142][  0]LogInit: Selected Device Profile: [Windows]
[2017.12.12-16.02.07:915][  0]LogSimplygon: Simplygon DLL not present - disabling.
[2017.12.12-16.02.07:972][  0]LogMeshReduction: Using SimplygonSwarm for distributed automatic mesh merging
[2017.12.12-16.02.07:976][  0]LogMeshReduction: Using QuadricMeshReduction for automatic static mesh reduction
[2017.12.12-16.02.07:976][  0]LogMeshReduction: No automatic skeletal mesh reduction module available
[2017.12.12-16.02.07:976][  0]LogMeshReduction: No automatic mesh merging module available
[2017.12.12-16.02.07:976][  0]LogMeshMerging: No automatic mesh merging module available
[2017.12.12-16.02.08:131][  0]LogNetVersion: BreakTheBuildFINAL , NetCL: 3709383, EngineNetVer: 2, GameNetVer: 0 (Checksum: 4088768677)
[2017.12.12-16.02.08:812][  0]LogAssetRegistry: FAssetRegistry took 0.0283 seconds to start up
[2017.12.12-16.02.10:694][  0]LogPackageLocalizationCache: Processed 7 localized package path(s) for 2 prioritized culture(s) in 0.147647 seconds
[2017.12.12-16.02.10:701][  0]LogUObjectArray: 35900 objects as part of root set at end of initial load.
[2017.12.12-16.02.10:701][  0]LogUObjectAllocator: 7372024 out of 0 bytes used by permanent object pool.
[2017.12.12-16.02.10:701][  0]LogUObjectArray: CloseDisregardForGC: 0/0 objects in disregard for GC pool
[2017.12.12-16.02.10:772][  0]LogInit: WinSock: version 1.1 (2.2), MaxSocks=32767, MaxUdp=65467
[2017.12.12-16.02.19:944][  0]LogTcpMessaging: Initializing TcpMessaging bridge
[2017.12.12-16.02.20:067][  0]LogUdpMessaging: Initializing bridge on interface 0.0.0.0:0 to multicast group 230.0.0.1:6666.
[2017.12.12-16.02.21:762][  0]LogMaterial: Uniform references updated for custom material expression Custom.
[2017.12.12-16.02.22:635][  0]SourceControl: Source control is disabled
[2017.12.12-16.02.25:483][  0]LogAndroidPermission: UAndroidPermissionCallbackProxy::GetInstance
[2017.12.12-16.02.26:170][  0]LogOcInput: OculusInput pre-init called
[2017.12.12-16.02.26:765][  0]LogEngine: Initializing Engine...
[2017.12.12-16.02.26:845][  0]LogHMD: Failed to initialize OpenVR with code 126
[2017.12.12-16.02.27:146][  0]LogStats: UGameplayTagsManager::ConstructGameplayTagTree: Construct from data asset -  0.000 s
[2017.12.12-16.02.27:146][  0]LogStats: UGameplayTagsManager::ConstructGameplayTagTree: GameplayTagTreeChangedEvent.Broadcast -  0.000 s
[2017.12.12-16.02.27:329][  0]LogAIModule: Creating AISystem for world Untitled
[2017.12.12-16.02.27:352][  0]LogInit: XAudio2 using 'Speakers (Realtek High Definition Audio)' : 2 channels at 48 kHz using 32 bits per sample (channel mask 0x3)
[2017.12.12-16.02.27:371][  0]LogInit: FAudioDevice initialized.
[2017.12.12-16.02.27:424][  0]LogDerivedDataCache: Saved boot cache 0.05s 78MB C:/Users/kinop/AppData/Local/UnrealEngine/4.18/DerivedDataCache/Boot.ddc.
[2017.12.12-16.02.27:433][  0]LogInit: Texture streaming: Enabled
[2017.12.12-16.02.27:561][  0]LogEngineSessionManager: EngineSessionManager initialized
[2017.12.12-16.02.27:731][  0]LogInit: Transaction tracking system initialized
[2017.12.12-16.02.28:175][  0]BlueprintLog: New page: Editor Load
[2017.12.12-16.02.29:403][  0]LocalizationService: Localization service is disabled
[2017.12.12-16.02.30:564][  0]LogConsoleResponse: Display: 
[2017.12.12-16.02.31:488][  0]LogCook: Display: Max memory allowance for cook 16384mb min free memory 0mb
[2017.12.12-16.02.31:488][  0]LogCook: Display: Mobile HDR setting 1
[2017.12.12-16.02.31:488][  0]LogGameplayTags: Display: UGameplayTagsManager::DoneAddingNativeTags. DelegateIsBound: 0
[2017.12.12-16.02.32:466][  0]LogFileCache: Scanning file cache for directory 'D:/projects pc/uni/unreal/BreakTheBuildFINAL1/BreakTheBuildFINAL/Content/' took 0.17s
[2017.12.12-16.02.35:975][  0]Cmd: MAP LOAD FILE="D:/projects pc/uni/unreal/BreakTheBuildFINAL1/BreakTheBuildFINAL/Content/Maps/Luis_Nightmare.umap" TEMPLATE=0 SHOWPROGRESS=1 FEATURELEVEL=3
[2017.12.12-16.02.35:977][  0]LightingResults: New page: Lighting Build
[2017.12.12-16.02.36:033][  0]MapCheck: New page: Map Check
[2017.12.12-16.02.36:033][  0]LightingResults: New page: Lighting Build
[2017.12.12-16.02.37:470][  0]LogBlueprint: Warning: [Compiler FirstPersonCharacter] Character.ArrowComponent is not blueprint visible (BlueprintReadOnly or BlueprintReadWrite). Please fix mark up or cease accessing as this will be made an error in a future release.  Get ArrowComponent
[2017.12.12-16.02.37:508][  0]LogBlueprint: Warning: [Compiler ThirdPersonCharacterThomas] Character.ArrowComponent is not blueprint visible (BlueprintReadOnly or BlueprintReadWrite). Please fix mark up or cease accessing as this will be made an error in a future release.  Get ArrowComponent
[2017.12.12-16.02.37:511][  0]LogBlueprint: Warning: [Compiler ThirdPersonCharacterThomas] Set Input Mode UI Only (Deprecated)  is deprecated; Use the new version of Set Input Mode UI Only instead
[2017.12.12-16.02.37:573][  0]LogBlueprint: Warning: [Compiler FirstPersonCharacter] [0058.11] Compile of FirstPersonCharacter successful, but with 1 Warning(s) [in 165 ms] (/Game/FirstPersonBP/Blueprints/FirstPersonCharacter.FirstPersonCharacter)
[2017.12.12-16.02.37:573][  0]LogBlueprint: Warning: [Compiler ThirdPersonCharacterThomas] [0058.11] Compile of ThirdPersonCharacterThomas successful, but with 2 Warning(s) [in 165 ms] (/Game/ThirdPersonBP/THIRDPERSONFOLDERBP/ThirdPersonCharacterThomas.ThirdPersonCharacterThomas)
[2017.12.12-16.02.37:907][  0]LogLinker: Warning: Can't find file '/Game/Maps/Luis_Nightmare_BuiltData'
[2017.12.12-16.02.37:908][  0]LogLinker: Warning: Can't find file for asset '/Game/Maps/Luis_Nightmare_BuiltData' while loading D:/projects pc/uni/unreal/BreakTheBuildFINAL1/BreakTheBuildFINAL/Content/Maps/Luis_Nightmare.umap.
[2017.12.12-16.02.37:908][  0]LoadErrors: Error: /Game/Maps/Luis_Nightmare : Can't find file for asset. /Game/Maps/Luis_Nightmare_BuiltData
[2017.12.12-16.02.38:030][  0]LogLinker: Warning: Can't find file '/Game/Maps/Luis_Nightmare_BuiltData'
[2017.12.12-16.02.38:030][  0]LogLinker: Warning: Can't find file for asset '/Game/Maps/Luis_Nightmare_BuiltData' while loading D:/projects pc/uni/unreal/BreakTheBuildFINAL1/BreakTheBuildFINAL/Content/Maps/Luis_Nightmare.umap.
[2017.12.12-16.02.38:030][  0]LoadErrors: Error: /Game/Maps/Luis_Nightmare : Can't find file for asset. /Game/Maps/Luis_Nightmare_BuiltData
[2017.12.12-16.02.38:082][  0]LogLinker: Warning: Can't find file '/Game/Maps/Luis_Nightmare_BuiltData'
[2017.12.12-16.02.38:082][  0]LogLinker: Warning: Can't find file for asset '/Game/Maps/Luis_Nightmare_BuiltData' while loading NULL.
[2017.12.12-16.02.38:082][  0]LogLinker: Warning: Can't find file '/Game/Maps/Luis_Nightmare_BuiltData'
[2017.12.12-16.02.38:082][  0]LogLinker: Warning: Can't find file for asset '/Game/Maps/Luis_Nightmare_BuiltData' while loading NULL.
[2017.12.12-16.02.38:352][  0]LogLinker: Warning: Can't find file '/Game/Maps/Luis_Nightmare_BuiltData'
[2017.12.12-16.02.38:352][  0]LoadErrors: Failed to load /Game/Maps/Luis_Nightmare_BuiltData.Luis_Nightmare_BuiltData Referenced by PersistentLevel
[2017.12.12-16.02.38:352][  0]LogLinker: Warning: Can't find file for asset '/Game/Maps/Luis_Nightmare_BuiltData' while loading NULL.
[2017.12.12-16.02.38:352][  0]LoadErrors: Failed to load /Game/Maps/Luis_Nightmare_BuiltData.Luis_Nightmare_BuiltData Referenced by PersistentLevel
[2017.12.12-16.02.39:492][  0]LogAIModule: Creating AISystem for world Luis_Nightmare
[2017.12.12-16.02.39:566][  0]LogEditorServer: Finished looking for orphan Actors (0.000 secs)
[2017.12.12-16.02.39:602][  0]Cmd: MAP CHECKDEP NOCLEARLOG
[2017.12.12-16.02.39:684][  0]MapCheck: Map check complete: 0 Error(s), 0 Warning(s), took 82.2ms to complete.
[2017.12.12-16.02.39:684][  0]LogFileHelpers: Loading map 'Luis_Nightmare' took 3.710
[2017.12.12-16.02.39:995][  0]LogCollectionManager: Loaded 0 collections in 0.009002 seconds
[2017.12.12-16.02.40:146][  0]LogFileCache: Scanning file cache for directory 'D:/projects pc/uni/unreal/BreakTheBuildFINAL1/BreakTheBuildFINAL/Saved/Collections/' took 0.01s
[2017.12.12-16.02.40:146][  0]LogFileCache: Scanning file cache for directory 'D:/projects pc/uni/unreal/BreakTheBuildFINAL1/BreakTheBuildFINAL/Content/Developers/kinop/Collections/' took 0.01s
[2017.12.12-16.02.40:146][  0]LogFileCache: Scanning file cache for directory 'D:/projects pc/uni/unreal/BreakTheBuildFINAL1/BreakTheBuildFINAL/Content/Collections/' took 0.00s
[2017.12.12-16.02.40:146][  0]LogCollectionManager: Rebuilt the GUID cache for 0 collections in 0.000001 seconds
[2017.12.12-16.02.40:158][  0]LogContentBrowser: Native class hierarchy populated in 0.0113 seconds. Added 2363 classes and 519 folders.
[2017.12.12-16.02.40:310][  0]LogContentBrowser: Native class hierarchy updated for 'WidgetCarousel' in 0.0005 seconds. Added 0 classes and 0 folders.
[2017.12.12-16.02.41:136][  0]LogContentBrowser: Native class hierarchy updated for 'AddContentDialog' in 0.0004 seconds. Added 0 classes and 0 folders.
[2017.12.12-16.02.41:205][  0]LogContentBrowser: Native class hierarchy updated for 'SceneOutliner' in 0.0003 seconds. Added 1 classes and 2 folders.
[2017.12.12-16.02.41:265][  0]LogSlate: Took 0.008051 seconds to synchronously load lazily loaded font '../../../Engine/Content/Slate/Fonts/Roboto-Regular.ttf' (155K)
[2017.12.12-16.02.41:274][  0]LogSlate: Took 0.006048 seconds to synchronously load lazily loaded font '../../../Engine/Content/Slate/Fonts/Roboto-Bold.ttf' (160K)
[2017.12.12-16.02.41:286][  0]LogSlate: Took 0.005991 seconds to synchronously load lazily loaded font '../../../Engine/Content/Editor/Slate/Fonts/FontAwesome.ttf' (139K)
[2017.12.12-16.02.41:490][  0]LogRenderer: Reallocating scene render targets to support 1208x600 Format 10 NumSamples 1 (Frame:1).
[2017.12.12-16.02.41:768][  0]LogContentBrowser: Native class hierarchy updated for 'HierarchicalLODOutliner' in 0.0003 seconds. Added 1 classes and 2 folders.
[2017.12.12-16.02.41:768][  0]LogLoad: (Engine Initialization) Total time: 62.30 seconds
[2017.12.12-16.02.41:768][  0]LogLoad: (Engine Initialization) Total Blueprint compile time: 0.00 seconds
[2017.12.12-16.02.41:768][  0]LogExternalProfiler: Found external profiler: VSPerf
[2017.12.12-16.02.41:768][  0]LogExternalProfiler: Using external profiler: VSPerf
[2017.12.12-16.02.42:143][  0]SourceControl: On branch master
[2017.12.12-16.02.42:144][  0]SourceControl: Your branch is up-to-date with 'origin/master'.
[2017.12.12-16.02.42:144][  0]SourceControl: Changes to be committed:
[2017.12.12-16.02.42:144][  0]SourceControl:   (use "git reset HEAD <file>..." to unstage)
[2017.12.12-16.02.42:144][  0]SourceControl: 	modified:   BreakTheBuildFINAL/Content/Maps/Tobys_Nightmare.umap
[2017.12.12-16.02.42:144][  0]SourceControl: 	new file:   BreakTheBuildFINAL/Content/PabloPuzzle/InfinityBladeEffects/Effects/FX_Materials/Damage/M_CrackedGround_Lightning_01_INST.uasset
[2017.12.12-16.02.42:144][  0]SourceControl: 	new file:   BreakTheBuildFINAL/Content/PabloPuzzle/InfinityBladeEffects/Effects/FX_Materials/Fire/M_Fire_01_Add_6X6_INST.uasset
[2017.12.12-16.02.42:144][  0]SourceControl: 	new file:   BreakTheBuildFINAL/Content/PabloPuzzle/InfinityBladeEffects/Effects/FX_Materials/Fire/M_Fire_02_Add_5X5_INST.uasset
[2017.12.12-16.02.42:144][  0]SourceControl: 	new file:   BreakTheBuildFINAL/Content/PabloPuzzle/InfinityBladeEffects/Effects/FX_Materials/Gradient/M_Flare_02_INST.uasset
[2017.12.12-16.02.42:144][  0]SourceControl: 	new file:   BreakTheBuildFINAL/Content/PabloPuzzle/InfinityBladeEffects/Effects/FX_Materials/ICE/M_IceChunksBase.uasset
[2017.12.12-16.02.42:144][  0]SourceControl: 	new file:   BreakTheBuildFINAL/Content/PabloPuzzle/InfinityBladeEffects/Effects/FX_Materials/Smoke/M_Smoke_01_8X8_INST.uasset
[2017.12.12-16.02.42:144][  0]SourceControl: 	new file:   BreakTheBuildFINAL/Content/PabloPuzzle/InfinityBladeEffects/Effects/FX_Materials/Spark/M_Spark_03_1_4_INST.uasset
[2017.12.12-16.02.42:144][  0]SourceControl: 	new file:   BreakTheBuildFINAL/Content/PabloPuzzle/InfinityBladeEffects/Effects/FX_Materials/Spark/M_Spark_Core_01_INST.uasset
[2017.12.12-16.02.42:144][  0]SourceControl: 	new file:   BreakTheBuildFINAL/Content/PabloPuzzle/InfinityBladeEffects/Effects/FX_Materials/Trails/M_Smoke_Trail_01_Trans_INST.uasset
[2017.12.12-16.02.42:144][  0]SourceControl: 	new file:   BreakTheBuildFINAL/Content/PabloPuzzle/InfinityBladeEffects/Effects/FX_Materials/Trails/M_Trail_Ice_01_INST.uasset
[2017.12.12-16.02.42:144][  0]SourceControl: 	new file:   BreakTheBuildFINAL/Content/PabloPuzzle/InfinityBladeEffects/Effects/FX_Monsters/FX_Monster_Ausar/P_AU_Shieldslam_Impact.uasset
[2017.12.12-16.02.42:144][  0]SourceControl: 	new file:   BreakTheBuildFINAL/Content/PabloPuzzle/InfinityBladeEffects/Effects/FX_Monsters/FX_Monster_GolemBot/Projectiles/P_Proj_Missile_01.uasset
[2017.12.12-16.02.42:144][  0]SourceControl: 	new file:   BreakTheBuildFINAL/Content/PabloPuzzle/InfinityBladeEffects/Effects/FX_Skill_TeleCharge/P_Skill_Telecharge_Ice_Proj_Trail_03.uasset
[2017.12.12-16.02.42:144][  0]SourceControl: 	new file:   BreakTheBuildFINAL/Content/PabloPuzzle/InfinityBladeEffects/Effects/FX_Textures/Damage/T_Cracks_Lightning_01_E.uasset
[2017.12.12-16.02.42:144][  0]SourceControl: 	new file:   BreakTheBuildFINAL/Content/PabloPuzzle/InfinityBladeEffects/Effects/FX_Textures/Damage/T_cracks_01_N.uasset
[2017.12.12-16.02.42:144][  0]SourceControl: 	new file:   BreakTheBuildFINAL/Content/PabloPuzzle/InfinityBladeEffects/Effects/FX_Textures/Fire/T_Fire_Sprite_01_5x5.uasset
[2017.12.12-16.02.42:144][  0]SourceControl: 	new file:   BreakTheBuildFINAL/Content/PabloPuzzle/InfinityBladeEffects/Effects/FX_Textures/Fire/T_Fire_subUV_6X6.uasset
[2017.12.12-16.02.42:144][  0]SourceControl: 	new file:   BreakTheBuildFINAL/Content/PabloPuzzle/InfinityBladeEffects/Effects/FX_Textures/Smoke/T_SmokeBall_01_8_8.uasset
[2017.12.12-16.02.42:144][  0]SourceControl: 	new file:   BreakTheBuildFINAL/Content/PabloPuzzle/InfinityBladeEffects/Effects/FX_Textures/Smoke/T_SmokeTile_Trail_D.uasset
[2017.12.12-16.02.42:144][  0]SourceControl: 	new file:   BreakTheBuildFINAL/Content/PabloPuzzle/InfinityBladeEffects/Effects/FX_Textures/Spark/T_Spark_Core.uasset
[2017.12.12-16.02.42:144][  0]SourceControl: 	new file:   BreakTheBuildFINAL/Content/PabloPuzzle/InfinityBladeEffects/Effects/FX_Textures/Spark/T_Sparks_03_SubUV_1_4.uasset
[2017.12.12-16.02.42:144][  0]SourceControl: 	new file:   BreakTheBuildFINAL/Content/PabloPuzzle/InfinityBladeEffects/Effects/FX_Textures/Tile/T_Black_32.uasset
[2017.12.12-16.02.42:144][  0]SourceControl: 	new file:   BreakTheBuildFINAL/Content/PabloPuzzle/InfinityBladeEffects/Effects/Masters/M_Add_Sprite_Master.uasset
[2017.12.12-16.02.42:144][  0]SourceControl: 	new file:   BreakTheBuildFINAL/Content/PabloPuzzle/InfinityBladeEffects/Effects/Masters/M_Add_Sprite_Master_DepthFade.uasset
[2017.12.12-16.02.42:144][  0]SourceControl: 	new file:   BreakTheBuildFINAL/Content/PabloPuzzle/InfinityBladeEffects/Effects/Masters/M_Add_Sprite_SubUV_Master.uasset
[2017.12.12-16.02.42:144][  0]SourceControl: 	new file:   BreakTheBuildFINAL/Content/PabloPuzzle/InfinityBladeEffects/Effects/Masters/M_Add_Trail_2Sided_Pan_Master.uasset
[2017.12.12-16.02.42:144][  0]SourceControl: 	new file:   BreakTheBuildFINAL/Content/PabloPuzzle/InfinityBladeEffects/Effects/Masters/M_Trans_Sprite_Master_Surface.uasset
[2017.12.12-16.02.42:144][  0]SourceControl: 	new file:   BreakTheBuildFINAL/Content/PabloPuzzle/InfinityBladeEffects/Effects/Masters/M_Trans_Trail_2Sided_Pan_Tile_Master.uasset
[2017.12.12-16.02.42:144][  0]SourceControl: 	new file:   BreakTheBuildFINAL/Content/PabloPuzzle/StarterContent/Audio/Explosion02.uasset
[2017.12.12-16.02.42:144][  0]SourceControl: 	new file:   BreakTheBuildFINAL/Content/PabloPuzzle/StarterContent/Blueprints/UMG/gamehealth.uasset
[2017.12.12-16.02.42:144][  0]SourceControl: 	new file:   BreakTheBuildFINAL/Content/PabloPuzzle/StarterContent/Blueprints/UMG/lifebar.uasset
[2017.12.12-16.02.42:144][  0]SourceControl: 	new file:   BreakTheBuildFINAL/Content/PabloPuzzle/StarterContent/Blueprints/UMG/lifebarBackground.uasset
[2017.12.12-16.02.42:144][  0]SourceControl: 	new file:   BreakTheBuildFINAL/Content/PabloPuzzle/StarterContent/Blueprints/mainMenuWidget.uasset
[2017.12.12-16.02.42:144][  0]SourceControl: 	new file:   BreakTheBuildFINAL/Content/PabloPuzzle/StarterContent/UI/a_day_at_the_beach.uasset
[2017.12.12-16.02.42:144][  0]SourceControl: 	new file:   BreakTheBuildFINAL/Content/PabloPuzzle/StarterContent/UI/button1.uasset
[2017.12.12-16.02.42:144][  0]SourceControl: 	new file:   BreakTheBuildFINAL/Content/PabloPuzzle/StarterContent/textures/wall1_initialShadingGroup_BaseColor.uasset
[2017.12.12-16.02.42:144][  0]SourceControl: 	new file:   BreakTheBuildFINAL/Content/PabloPuzzle/customCharacter/CharacterAnimBP.uasset
[2017.12.12-16.02.42:144][  0]SourceControl: 	new file:   BreakTheBuildFINAL/Content/PabloPuzzle/customCharacter/CharacterBP.uasset
[2017.12.12-16.02.42:144][  0]SourceControl: 	new file:   BreakTheBuildFINAL/Content/PabloPuzzle/customCharacter/Fall_A_Loop_Anim.uasset
[2017.12.12-16.02.42:144][  0]SourceControl: 	new file:   BreakTheBuildFINAL/Content/PabloPuzzle/customCharacter/Happy_Idle_Anim.uasset
[2017.12.12-16.02.42:144][  0]SourceControl: 	new file:   BreakTheBuildFINAL/Content/PabloPuzzle/customCharacter/Hard_Landing_Anim.uasset
[2017.12.12-16.02.42:144][  0]SourceControl: 	new file:   BreakTheBuildFINAL/Content/PabloPuzzle/customCharacter/IdleWalkRun.uasset
[2017.12.12-16.02.42:144][  0]SourceControl: 	new file:   BreakTheBuildFINAL/Content/PabloPuzzle/customCharacter/Running_in_place_Anim.uasset
[2017.12.12-16.02.42:144][  0]SourceControl: 	new file:   BreakTheBuildFINAL/Content/PabloPuzzle/customCharacter/Start_Jumping_Jacks_Anim.uasset
[2017.12.12-16.02.42:144][  0]SourceControl: 	new file:   BreakTheBuildFINAL/Content/PabloPuzzle/customCharacter/Walking_in_place_Anim.uasset
[2017.12.12-16.02.42:144][  0]SourceControl: 	new file:   BreakTheBuildFINAL/Content/PabloPuzzle/customCharacter/drolebebe2.uasset
[2017.12.12-16.02.42:144][  0]SourceControl: 	new file:   BreakTheBuildFINAL/Content/PabloPuzzle/customCharacter/drolebebe2_PhysicsAsset.uasset
[2017.12.12-16.02.42:144][  0]SourceControl: 	new file:   BreakTheBuildFINAL/Content/PabloPuzzle/customCharacter/drolebebe2_Skeleton.uasset
[2017.12.12-16.02.42:144][  0]SourceControl: 	new file:   BreakTheBuildFINAL/Content/PabloPuzzle/customCharacter/materialBEBE.uasset
[2017.12.12-16.02.42:144][  0]SourceControl: 	new file:   BreakTheBuildFINAL/Content/PabloPuzzle/modular/indoor/doorCoridor.uasset
[2017.12.12-16.02.42:144][  0]SourceControl: 	new file:   BreakTheBuildFINAL/Content/PabloPuzzle/modular/indoor/doorCoridor_initialShadingGroup_BaseColor.uasset
[2017.12.12-16.02.42:144][  0]SourceControl: 	new file:   BreakTheBuildFINAL/Content/PabloPuzzle/modular/indoor/doorCoridor_initialShadingGroup_Normal.uasset
[2017.12.12-16.02.42:144][  0]SourceControl: 	new file:   BreakTheBuildFINAL/Content/PabloPuzzle/modular/indoor/doorCoridor_initialShadingGroup_OcclusionRoughnessMetallic.uasset
[2017.12.12-16.02.42:144][  0]SourceControl: 	new file:   BreakTheBuildFINAL/Content/PabloPuzzle/modular/indoor/doorCorridor.uasset
[2017.12.12-16.02.42:144][  0]SourceControl: 	new file:   BreakTheBuildFINAL/Content/PabloPuzzle/modular/wall/doorButton/Gate1.uasset
[2017.12.12-16.02.42:144][  0]SourceControl: 	new file:   BreakTheBuildFINAL/Content/PabloPuzzle/modular/wall/doorButton/button.uasset
[2017.12.12-16.02.42:145][  0]SourceControl: 	new file:   BreakTheBuildFINAL/Content/PabloPuzzle/modular/wall/doorButton/button2.uasset
[2017.12.12-16.02.42:145][  0]SourceControl: 	new file:   BreakTheBuildFINAL/Content/PabloPuzzle/modular/wall/doorButton/button2a.uasset
[2017.12.12-16.02.42:145][  0]SourceControl: 	new file:   BreakTheBuildFINAL/Content/PabloPuzzle/modular/wall/doorButton/button2b.uasset
[2017.12.12-16.02.42:145][  0]SourceControl: 	new file:   BreakTheBuildFINAL/Content/PabloPuzzle/modular/wall/doorButton/button3.uasset
[2017.12.12-16.02.42:145][  0]SourceControl: 	new file:   BreakTheBuildFINAL/Content/PabloPuzzle/modular/wall/doorButton/button3a.uasset
[2017.12.12-16.02.42:145][  0]SourceControl: 	new file:   BreakTheBuildFINAL/Content/PabloPuzzle/modular/wall/doorButton/button3b.uasset
[2017.12.12-16.02.42:145][  0]SourceControl: 	new file:   BreakTheBuildFINAL/Content/PabloPuzzle/modular/wall/doorButton/button4.uasset
[2017.12.12-16.02.42:145][  0]SourceControl: 	new file:   BreakTheBuildFINAL/Content/PabloPuzzle/modular/wall/doorButton/button4a.uasset
[2017.12.12-16.02.42:145][  0]SourceControl: 	new file:   BreakTheBuildFINAL/Content/PabloPuzzle/modular/wall/doorButton/button4b.uasset
[2017.12.12-16.02.42:145][  0]SourceControl: 	new file:   BreakTheBuildFINAL/Content/PabloPuzzle/modular/wall/doorButton/door2.uasset
[2017.12.12-16.02.42:145][  0]SourceControl: 	new file:   BreakTheBuildFINAL/Content/PabloPuzzle/modular/wall/doorButton/doorCoridor5_Blueprint.uasset
[2017.12.12-16.02.42:145][  0]SourceControl: 	new file:   BreakTheBuildFINAL/Content/PabloPuzzle/modular/wall/doorButton/gatePablo3_Blueprint.uasset
[2017.12.12-16.02.42:145][  0]SourceControl: 	new file:   BreakTheBuildFINAL/Content/PabloPuzzle/modular/wall/gateDoor.uasset
[2017.12.12-16.02.42:145][  0]SourceControl: 	new file:   BreakTheBuildFINAL/Content/PabloPuzzle/modular/wall/gatePablo01.uasset
[2017.12.12-16.02.42:145][  0]SourceControl: 	new file:   BreakTheBuildFINAL/Content/PabloPuzzle/modular/wall/gatePablo01_initialShadingGroup_BaseColor.uasset
[2017.12.12-16.02.42:145][  0]SourceControl: 	new file:   BreakTheBuildFINAL/Content/PabloPuzzle/modular/wall/gatePablo01_initialShadingGroup_Normal.uasset
[2017.12.12-16.02.42:145][  0]SourceControl: 	new file:   BreakTheBuildFINAL/Content/PabloPuzzle/modular/wall/gatePablo01_initialShadingGroup_OcclusionRoughnessMetallic.uasset
[2017.12.12-16.02.42:145][  0]SourceControl: 	new file:   BreakTheBuildFINAL/Content/PabloPuzzle/projectile/destructionFire.uasset
[2017.12.12-16.02.42:145][  0]SourceControl: 	new file:   BreakTheBuildFINAL/Content/PabloPuzzle/projectile/explosion2.uasset
[2017.12.12-16.02.42:145][  0]SourceControl: 	new file:   BreakTheBuildFINAL/Content/PabloPuzzle/projectile/projectile.uasset
[2017.12.12-16.02.42:145][  0]SourceControl: 	new file:   BreakTheBuildFINAL/Content/PabloPuzzle/projectile/projectile2.uasset
[2017.12.12-16.02.42:145][  0]SourceControl: 	new file:   BreakTheBuildFINAL/Content/PabloPuzzle/props/white-concrete-wall.uasset
[2017.12.12-16.02.42:145][  0]SourceControl: 	new file:   BreakTheBuildFINAL/Content/PabloPuzzle/soundeffects/Impact_laser.uasset
[2017.12.12-16.02.42:145][  0]SourceControl: 	new file:   BreakTheBuildFINAL/Content/PabloPuzzle/soundeffects/Laser.uasset
[2017.12.12-16.02.42:145][  0]SourceControl: 	new file:   BreakTheBuildFINAL/Content/PabloPuzzle/soundeffects/Laser_02.uasset
[2017.12.12-16.02.42:145][  0]SourceControl: 	new file:   BreakTheBuildFINAL/Content/PabloPuzzle/soundeffects/Laser_03.uasset
[2017.12.12-16.02.42:145][  0]SourceControl: 	new file:   BreakTheBuildFINAL/Content/PabloPuzzle/soundeffects/Laser_04.uasset
[2017.12.12-16.02.42:145][  0]SourceControl: 	new file:   BreakTheBuildFINAL/Content/PabloPuzzle/soundeffects/Laser_05__hot.uasset
[2017.12.12-16.02.42:145][  0]SourceControl: 	new file:   BreakTheBuildFINAL/Content/PabloPuzzle/soundeffects/Laser_06__reverb.uasset
[2017.12.12-16.02.42:145][  0]SourceControl: 	new file:   BreakTheBuildFINAL/Content/PabloPuzzle/soundeffects/Laser_07__high_reverb.uasset
[2017.12.12-16.02.42:145][  0]SourceControl: 	new file:   BreakTheBuildFINAL/Content/PabloPuzzle/soundeffects/Laser_08__absorb.uasset
[2017.12.12-16.02.42:145][  0]SourceControl: 	new file:   BreakTheBuildFINAL/Content/PabloPuzzle/soundeffects/Laser_09__nice.uasset
[2017.12.12-16.02.42:145][  0]SourceControl: 	new file:   BreakTheBuildFINAL/Content/PabloPuzzle/soundeffects/Laser_10.uasset
[2017.12.12-16.02.42:145][  0]SourceControl: 	new file:   BreakTheBuildFINAL/Content/PabloPuzzle/soundeffects/Laser_ghost.uasset
[2017.12.12-16.02.42:145][  0]SourceControl: 	new file:   BreakTheBuildFINAL/Content/PabloPuzzle/soundeffects/Lasershooting_Cue.uasset
[2017.12.12-16.02.42:145][  0]SourceControl: 	new file:   BreakTheBuildFINAL/Content/PabloPuzzle/soundeffects/fireballs.uasset
[2017.12.12-16.02.42:145][  0]SourceControl: 	new file:   BreakTheBuildFINAL/Content/PabloPuzzle/soundeffects/step1.uasset
[2017.12.12-16.02.42:145][  0]SourceControl: 	new file:   BreakTheBuildFINAL/Content/PabloPuzzle/soundeffects/step2.uasset
[2017.12.12-16.02.42:145][  0]SourceControl: 	new file:   BreakTheBuildFINAL/Content/PabloPuzzle/soundeffects/step3.uasset
[2017.12.12-16.02.42:145][  0]SourceControl: 	new file:   BreakTheBuildFINAL/Content/PabloPuzzle/soundeffects/step4.uasset
[2017.12.12-16.02.42:145][  0]SourceControl: 	new file:   BreakTheBuildFINAL/Content/PabloPuzzle/soundeffects/step5.uasset
[2017.12.12-16.02.42:145][  0]SourceControl: 	new file:   BreakTheBuildFINAL/Content/PabloPuzzle/textures/switchPillard.uasset
[2017.12.12-16.02.42:145][  0]SourceControl: 	new file:   BreakTheBuildFINAL/Content/PabloPuzzle/textures/switchWheel.uasset
[2017.12.12-16.02.42:145][  0]SourceControl: 	modified:   BreakTheBuildFINAL/Saved/Autosaves/PackageRestoreData.json
[2017.12.12-16.02.42:145][  0]SourceControl: 	modified:   BreakTheBuildFINAL/Saved/Config/Windows/Editor.ini
[2017.12.12-16.02.42:145][  0]SourceControl: 	modified:   BreakTheBuildFINAL/Saved/Config/Windows/Engine.ini
[2017.12.12-16.02.42:145][  0]SourceControl: Unmerged paths:
[2017.12.12-16.02.42:145][  0]SourceControl:   (use "git reset HEAD <file>..." to unstage)
[2017.12.12-16.02.42:145][  0]SourceControl:   (use "git add <file>..." to mark resolution)
[2017.12.12-16.02.42:145][  0]SourceControl: 	both modified:   BreakTheBuildFINAL/Intermediate/AssetRegistryCache/311563bb.bin
[2017.12.12-16.02.42:145][  0]SourceControl: 	both modified:   BreakTheBuildFINAL/Intermediate/AssetRegistryCache/c90e3f55.bin
[2017.12.12-16.02.42:145][  0]SourceControl: 	both modified:   BreakTheBuildFINAL/Intermediate/CachedAssetRegistry.bin
[2017.12.12-16.02.42:145][  0]SourceControl: 	both modified:   BreakTheBuildFINAL/Saved/AutoScreenshot.png
[2017.12.12-16.02.42:145][  0]SourceControl: 	both modified:   BreakTheBuildFINAL/Saved/Config/Windows/EditorPerProjectUserSettings.ini
[2017.12.12-16.02.42:145][  0]SourceControl: Changes not staged for commit:
[2017.12.12-16.02.42:145][  0]SourceControl:   (use "git add <file>..." to update what will be committed)
[2017.12.12-16.02.42:145][  0]SourceControl:   (use "git checkout -- <file>..." to discard changes in working directory)
[2017.12.12-16.02.42:146][  0]SourceControl: 	modified:   BreakTheBuildFINAL/Saved/Config/Windows/Editor.ini
[2017.12.12-16.02.42:146][  0]SourceControl: 	modified:   BreakTheBuildFINAL/Saved/Config/Windows/Engine.ini
[2017.12.12-16.02.42:146][  0]SourceControl: Untracked files:
[2017.12.12-16.02.42:146][  0]SourceControl:   (use "git add <file>..." to include in what will be committed)
[2017.12.12-16.02.42:146][  0]SourceControl: 	BreakTheBuildFINAL/Intermediate/AssetRegistryCache/0db2bfa9.bin
[2017.12.12-16.02.42:146][  0]SourceControl: 	BreakTheBuildFINAL/Intermediate/AssetRegistryCache/266574c4.bin
[2017.12.12-16.02.42:146][  0]SourceControl: 	BreakTheBuildFINAL/Intermediate/AssetRegistryCache/7c5240f2.bin
[2017.12.12-16.02.42:146][  0]SourceControl: 	BreakTheBuildFINAL/Intermediate/AssetRegistryCache/aff1c699.bin
[2017.12.12-16.02.42:146][  0]SourceControl: 	BreakTheBuildFINAL/Intermediate/AssetRegistryCache/e2765583.bin
[2017.12.12-16.02.42:146][  0]SourceControl: 	BreakTheBuildFINAL/Intermediate/AssetRegistryCache/e8c2d44a.bin
[2017.12.12-16.02.42:146][  0]SourceControl: 	BreakTheBuildFINAL/Intermediate/AssetRegistryCache/f66358aa.bin
[2017.12.12-16.02.42:146][  0]SourceControl: 	BreakTheBuildFINAL/Saved/Backup/Tobys_Nightmare_2017-12-12-12-52-00.umap
[2017.12.12-16.02.42:146][  0]SourceControl: 	BreakTheBuildFINAL/Saved/Config/CrashReportClient/UE4CC-Windows-7DA961E9411FD44D6C9404A945EFE520/
[2017.12.12-16.02.42:146][  0]SourceControl: 	BreakTheBuildFINAL/Saved/Config/CrashReportClient/UE4CC-Windows-B03D154148C6401F3D168491407528C6/
[2017.12.12-16.02.42:146][  0]SourceControl: 	BreakTheBuildFINAL/Saved/Config/Windows/SourceControlSettings.ini
[2017.12.12-16.02.42:146][  0]SourceControl: 	BreakTheBuildFINAL/Saved/Logs/
[2017.12.12-16.02.42:146][  0]LogContentStreaming: Texture pool size now 1000 MB
[2017.12.12-16.02.42:237][  0]LogSlate: Took 0.012260 seconds to synchronously load lazily loaded font '../../../Engine/Content/Slate/Fonts/Roboto-Light.ttf' (159K)
[2017.12.12-16.02.42:442][  1]LogFileCache: Retrieving MD5 hashes for directory 'D:/projects pc/uni/unreal/BreakTheBuildFINAL1/BreakTheBuildFINAL/Content/' took 0.32s
[2017.12.12-16.02.42:452][  1]LogAssetRegistry: Asset discovery search completed in 33.6620 seconds
[2017.12.12-16.02.42:455][  1]LogCollectionManager: Rebuilt the object cache for 0 collections in 0.000000 seconds (found 0 objects)
[2017.12.12-16.02.42:455][  1]LogCollectionManager: Fixed up redirectors for 0 collections in 0.000062 seconds (updated 0 objects)
[2017.12.12-16.04.03:935][429]LogTemp: Repeating last play command: Selected Viewport
[2017.12.12-16.04.04:719][429]LogBlueprintUserMessages: Early PlayInEditor Detection: Level '/Game/Maps/Luis_Nightmare.Luis_Nightmare:PersistentLevel' has LevelScriptBlueprint '/Game/Maps/Luis_Nightmare.Luis_Nightmare:PersistentLevel.Luis_Nightmare' with GeneratedClass '/Game/Maps/Luis_Nightmare.Luis_Nightmare_C' with ClassGeneratedBy '/Game/Maps/Luis_Nightmare.Luis_Nightmare:PersistentLevel.Luis_Nightmare'
[2017.12.12-16.04.04:720][429]LogPlayLevel: PlayLevel: No blueprints needed recompiling
[2017.12.12-16.04.04:723][429]PIE: New page: PIE session: Luis_Nightmare (12 Dec 2017 16:04:04)
[2017.12.12-16.04.04:723][429]LogPlayLevel: Creating play world package: /Game/Maps/UEDPIE_0_Luis_Nightmare
[2017.12.12-16.04.04:911][429]LogPlayLevel: PIE: StaticDuplicateObject took: (0.187027s)
[2017.12.12-16.04.04:912][429]LogAIModule: Creating AISystem for world Luis_Nightmare
[2017.12.12-16.04.04:913][429]LogPlayLevel: PIE: World Init took: (0.001883s)
[2017.12.12-16.04.04:914][429]LogPlayLevel: PIE: Created PIE world by copying editor world from /Game/Maps/Luis_Nightmare.Luis_Nightmare to /Game/Maps/UEDPIE_0_Luis_Nightmare.Luis_Nightmare (0.190748s)
[2017.12.12-16.04.05:005][429]LogInit: XAudio2 using 'Speakers (Realtek High Definition Audio)' : 2 channels at 48 kHz using 32 bits per sample (channel mask 0x3)
[2017.12.12-16.04.05:044][429]LogInit: FAudioDevice initialized.
[2017.12.12-16.04.05:107][429]LogLoad: Game class is 'FirstPersonGameMode_C'
[2017.12.12-16.04.05:208][429]LogWorld: Bringing World /Game/Maps/UEDPIE_0_Luis_Nightmare.Luis_Nightmare up for play (max tick rate 0) at 2017.12.12-16.04.05
[2017.12.12-16.04.05:217][429]LogWorld: Bringing up level for play took: 0.102998
[2017.12.12-16.04.05:401][429]LogContentBrowser: Native class hierarchy updated for 'MovieSceneCapture' in 0.0011 seconds. Added 11 classes and 0 folders.
[2017.12.12-16.04.05:414][429]PIE: Play in editor start time for /Game/Maps/UEDPIE_0_Luis_Nightmare -0.194
[2017.12.12-16.04.05:415][429]LogBlueprintUserMessages: Late PlayInEditor Detection: Level '/Game/Maps/Luis_Nightmare.Luis_Nightmare:PersistentLevel' has LevelScriptBlueprint '/Game/Maps/Luis_Nightmare.Luis_Nightmare:PersistentLevel.Luis_Nightmare' with GeneratedClass '/Game/Maps/Luis_Nightmare.Luis_Nightmare_C' with ClassGeneratedBy '/Game/Maps/Luis_Nightmare.Luis_Nightmare:PersistentLevel.Luis_Nightmare'
[2017.12.12-16.05.04:278][195]LogBlueprintUserMessages: Early EndPlayMap Detection: Level '/Game/Maps/Luis_Nightmare.Luis_Nightmare:PersistentLevel' has LevelScriptBlueprint '/Game/Maps/Luis_Nightmare.Luis_Nightmare:PersistentLevel.Luis_Nightmare' with GeneratedClass '/Game/Maps/Luis_Nightmare.Luis_Nightmare_C' with ClassGeneratedBy '/Game/Maps/Luis_Nightmare.Luis_Nightmare:PersistentLevel.Luis_Nightmare'
[2017.12.12-16.05.04:345][195]LogBlueprintUserMessages: Late EndPlayMap Detection: Level '/Game/Maps/Luis_Nightmare.Luis_Nightmare:PersistentLevel' has LevelScriptBlueprint '/Game/Maps/Luis_Nightmare.Luis_Nightmare:PersistentLevel.Luis_Nightmare' with GeneratedClass '/Game/Maps/Luis_Nightmare.Luis_Nightmare_C' with ClassGeneratedBy '/Game/Maps/Luis_Nightmare.Luis_Nightmare:PersistentLevel.Luis_Nightmare'
[2017.12.12-16.05.18:063][605]LogTemp: Repeating last play command: Selected Viewport
[2017.12.12-16.05.18:088][605]LogBlueprintUserMessages: Early PlayInEditor Detection: Level '/Game/Maps/Luis_Nightmare.Luis_Nightmare:PersistentLevel' has LevelScriptBlueprint '/Game/Maps/Luis_Nightmare.Luis_Nightmare:PersistentLevel.Luis_Nightmare' with GeneratedClass '/Game/Maps/Luis_Nightmare.Luis_Nightmare_C' with ClassGeneratedBy '/Game/Maps/Luis_Nightmare.Luis_Nightmare:PersistentLevel.Luis_Nightmare'
[2017.12.12-16.05.18:088][605]LogPlayLevel: PlayLevel: No blueprints needed recompiling
[2017.12.12-16.05.18:088][605]PIE: New page: PIE session: Luis_Nightmare (12 Dec 2017 16:05:18)
[2017.12.12-16.05.18:089][605]LogPlayLevel: Creating play world package: /Game/Maps/UEDPIE_0_Luis_Nightmare
[2017.12.12-16.05.18:158][605]LogPlayLevel: PIE: StaticDuplicateObject took: (0.069345s)
[2017.12.12-16.05.18:158][605]LogAIModule: Creating AISystem for world Luis_Nightmare
[2017.12.12-16.05.18:158][605]LogPlayLevel: PIE: World Init took: (0.000575s)
[2017.12.12-16.05.18:159][605]LogPlayLevel: PIE: Created PIE world by copying editor world from /Game/Maps/Luis_Nightmare.Luis_Nightmare to /Game/Maps/UEDPIE_0_Luis_Nightmare.Luis_Nightmare (0.070458s)
[2017.12.12-16.05.18:183][605]LogInit: XAudio2 using 'Speakers (Realtek High Definition Audio)' : 2 channels at 48 kHz using 32 bits per sample (channel mask 0x3)
[2017.12.12-16.05.18:194][605]LogInit: FAudioDevice initialized.
[2017.12.12-16.05.18:233][605]LogLoad: Game class is 'FirstPersonGameMode_C'
[2017.12.12-16.05.18:261][605]LogWorld: Bringing World /Game/Maps/UEDPIE_0_Luis_Nightmare.Luis_Nightmare up for play (max tick rate 0) at 2017.12.12-16.05.18
[2017.12.12-16.05.18:263][605]LogWorld: Bringing up level for play took: 0.029067
[2017.12.12-16.05.18:267][605]PIE: Play in editor start time for /Game/Maps/UEDPIE_0_Luis_Nightmare 0.66
[2017.12.12-16.05.18:268][605]LogBlueprintUserMessages: Late PlayInEditor Detection: Level '/Game/Maps/Luis_Nightmare.Luis_Nightmare:PersistentLevel' has LevelScriptBlueprint '/Game/Maps/Luis_Nightmare.Luis_Nightmare:PersistentLevel.Luis_Nightmare' with GeneratedClass '/Game/Maps/Luis_Nightmare.Luis_Nightmare_C' with ClassGeneratedBy '/Game/Maps/Luis_Nightmare.Luis_Nightmare:PersistentLevel.Luis_Nightmare'
[2017.12.12-16.05.19:221][634]LogBlueprintUserMessages: Early EndPlayMap Detection: Level '/Game/Maps/Luis_Nightmare.Luis_Nightmare:PersistentLevel' has LevelScriptBlueprint '/Game/Maps/Luis_Nightmare.Luis_Nightmare:PersistentLevel.Luis_Nightmare' with GeneratedClass '/Game/Maps/Luis_Nightmare.Luis_Nightmare_C' with ClassGeneratedBy '/Game/Maps/Luis_Nightmare.Luis_Nightmare:PersistentLevel.Luis_Nightmare'
[2017.12.12-16.05.19:294][634]LogBlueprintUserMessages: Late EndPlayMap Detection: Level '/Game/Maps/Luis_Nightmare.Luis_Nightmare:PersistentLevel' has LevelScriptBlueprint '/Game/Maps/Luis_Nightmare.Luis_Nightmare:PersistentLevel.Luis_Nightmare' with GeneratedClass '/Game/Maps/Luis_Nightmare.Luis_Nightmare_C' with ClassGeneratedBy '/Game/Maps/Luis_Nightmare.Luis_Nightmare:PersistentLevel.Luis_Nightmare'
[2017.12.12-16.16.58:063][525]Cmd: QUIT_EDITOR
[2017.12.12-16.16.58:994][525]LogWindowsTextInputMethodSystem: Display: IME system now deactivated.
[2017.12.12-16.16.59:049][525]LogExit: Preparing to exit.
[2017.12.12-16.16.59:656][525]LogExit: Editor shut down
[2017.12.12-16.16.59:670][525]LogExit: Transaction tracking system shut down
[2017.12.12-16.16.59:896][525]LogDirectoryWatcher: A directory notification for '../../../Engine/Content/' was aborted.
[2017.12.12-16.16.59:898][525]LogDirectoryWatcher: A directory notification for 'D:/projects pc/uni/unreal/BreakTheBuildFINAL1/BreakTheBuildFINAL/Content/' was aborted.
[2017.12.12-16.16.59:900][525]LogDirectoryWatcher: A directory notification for '../../../Engine/Plugins/2D/Paper2D/Content/' was aborted.
[2017.12.12-16.16.59:902][525]LogDirectoryWatcher: A directory notification for '../../../Engine/Plugins/Media/MediaCompositing/Content/' was aborted.
[2017.12.12-16.16.59:904][525]LogDirectoryWatcher: A directory notification for '../../../Engine/Plugins/Runtime/AppleARKit/Content/' was aborted.
[2017.12.12-16.16.59:910][525]LogDirectoryWatcher: A directory notification for '../../../Engine/Plugins/Runtime/Oculus/OculusVR/Content/' was aborted.
[2017.12.12-16.16.59:913][525]LogDirectoryWatcher: A directory notification for '../../../Engine/Plugins/Runtime/Steam/SteamVR/Content/' was aborted.
[2017.12.12-16.17.00:106][525]LogExit: Object subsystem successfully closed.
[2017.12.12-16.17.00:148][525]LogD3D11RHI: Shutdown
[2017.12.12-16.17.00:148][525]LogD3D11RHI: CleanupD3DDevice
[2017.12.12-16.17.00:155][525]LogD3D11RHI: ~FD3D11DynamicRHI
[2017.12.12-16.17.01:604][525]LogModuleManager: Shutting down and abandoning module MovieSceneCapture (550)
[2017.12.12-16.17.01:605][525]LogModuleManager: Shutting down and abandoning module HierarchicalLODOutliner (548)
[2017.12.12-16.17.01:605][525]LogModuleManager: Shutting down and abandoning module SceneOutliner (546)
[2017.12.12-16.17.01:605][525]LogModuleManager: Shutting down and abandoning module AddContentDialog (544)
[2017.12.12-16.17.01:606][525]LogDirectoryWatcher: A directory notification for 'C:/Program Files/Epic Games/UE_4.18/FeaturePacks/' was aborted.
[2017.12.12-16.17.01:611][525]LogModuleManager: Shutting down and abandoning module WidgetCarousel (543)
[2017.12.12-16.17.01:611][525]LogModuleManager: Shutting down and abandoning module EditorWidgets (540)
[2017.12.12-16.17.01:611][525]LogModuleManager: Shutting down and abandoning module CollectionManager (538)
[2017.12.12-16.17.01:612][525]LogDirectoryWatcher: A directory notification for 'D:/projects pc/uni/unreal/BreakTheBuildFINAL1/BreakTheBuildFINAL/Content/Collections/' was aborted.
[2017.12.12-16.17.01:614][525]LogDirectoryWatcher: A directory notification for 'D:/projects pc/uni/unreal/BreakTheBuildFINAL1/BreakTheBuildFINAL/Content/Developers/kinop/Collections/' was aborted.
[2017.12.12-16.17.01:618][525]LogDirectoryWatcher: A directory notification for 'D:/projects pc/uni/unreal/BreakTheBuildFINAL1/BreakTheBuildFINAL/Saved/Collections/' was aborted.
[2017.12.12-16.17.01:622][525]LogModuleManager: Shutting down and abandoning module StatsViewer (536)
[2017.12.12-16.17.01:622][525]LogModuleManager: Shutting down and abandoning module FoliageEdit (534)
[2017.12.12-16.17.01:622][525]LogModuleManager: Shutting down and abandoning module LandscapeEditor (532)
[2017.12.12-16.17.01:623][525]LogModuleManager: Shutting down and abandoning module MeshPaintMode (530)
[2017.12.12-16.17.01:623][525]LogModuleManager: Shutting down and abandoning module SceneDepthPickerMode (528)
[2017.12.12-16.17.01:623][525]LogModuleManager: Shutting down and abandoning module ActorPickerMode (526)
[2017.12.12-16.17.01:623][525]LogModuleManager: Shutting down and abandoning module GeometryMode (524)
[2017.12.12-16.17.01:623][525]LogModuleManager: Shutting down and abandoning module TextureAlignMode (522)
[2017.12.12-16.17.01:624][525]LogModuleManager: Shutting down and abandoning module BspMode (520)
[2017.12.12-16.17.01:624][525]LogModuleManager: Shutting down and abandoning module PIEPreviewDeviceProfileSelector (518)
[2017.12.12-16.17.01:624][525]LogModuleManager: Shutting down and abandoning module HardwareSurvey (516)
[2017.12.12-16.17.01:624][525]LogModuleManager: Shutting down and abandoning module SequenceRecorderSections (514)
[2017.12.12-16.17.01:624][525]LogModuleManager: Shutting down and abandoning module AutomationWorker (512)
[2017.12.12-16.17.01:624][525]LogModuleManager: Shutting down and abandoning module MatineeToLevelSequence (510)
[2017.12.12-16.17.01:624][525]LogModuleManager: Shutting down and abandoning module LevelSequenceEditor (508)
[2017.12.12-16.17.01:625][525]LogModuleManager: Shutting down and abandoning module PlacementMode (507)
[2017.12.12-16.17.01:625][525]LogModuleManager: Shutting down and abandoning module WmfMediaFactory (504)
[2017.12.12-16.17.01:625][525]LogModuleManager: Shutting down and abandoning module WmfMediaEditor (502)
[2017.12.12-16.17.01:625][525]LogModuleManager: Shutting down and abandoning module OpenExrWrapper (500)
[2017.12.12-16.17.01:626][525]LogModuleManager: Shutting down and abandoning module ImgMediaFactory (498)
[2017.12.12-16.17.01:626][525]LogModuleManager: Shutting down and abandoning module ImgMediaEditor (496)
[2017.12.12-16.17.01:626][525]LogModuleManager: Shutting down and abandoning module AvfMediaFactory (494)
[2017.12.12-16.17.01:626][525]LogModuleManager: Shutting down and abandoning module AvfMediaEditor (492)
[2017.12.12-16.17.01:626][525]LogModuleManager: Shutting down and abandoning module AndroidMediaFactory (490)
[2017.12.12-16.17.01:626][525]LogModuleManager: Shutting down and abandoning module AndroidMediaEditor (488)
[2017.12.12-16.17.01:627][525]LogModuleManager: Shutting down and abandoning module CharacterAI (486)
[2017.12.12-16.17.01:627][525]LogModuleManager: Shutting down and abandoning module AudioCapture (484)
[2017.12.12-16.17.01:627][525]LogModuleManager: Shutting down and abandoning module SequenceRecorder (483)
[2017.12.12-16.17.01:627][525]LogModuleManager: Shutting down and abandoning module SmartSnapping (480)
[2017.12.12-16.17.01:627][525]LogModuleManager: Shutting down and abandoning module SessionServices (478)
[2017.12.12-16.17.01:627][525]LogModuleManager: Shutting down and abandoning module ViewportSnapping (476)
[2017.12.12-16.17.01:627][525]LogModuleManager: Shutting down and abandoning module ViewportInteraction (474)
[2017.12.12-16.17.01:627][525]LogModuleManager: Shutting down and abandoning module ClothPainter (472)
[2017.12.12-16.17.01:628][525]LogModuleManager: Shutting down and abandoning module SkeletalMeshEditor (471)
[2017.12.12-16.17.01:629][525]LogModuleManager: Shutting down and abandoning module LogVisualizer (468)
[2017.12.12-16.17.01:629][525]LogModuleManager: Shutting down and abandoning module IntroTutorials (466)
[2017.12.12-16.17.01:629][525]LogModuleManager: Shutting down and abandoning module GameProjectGeneration (465)
[2017.12.12-16.17.01:630][525]LogModuleManager: Shutting down and abandoning module IOSPlatformEditor (462)
[2017.12.12-16.17.01:630][525]LogModuleManager: Shutting down and abandoning module HTML5PlatformEditor (460)
[2017.12.12-16.17.01:630][525]LogModuleManager: Shutting down and abandoning module AndroidPlatformEditor (458)
[2017.12.12-16.17.01:630][525]LogModuleManager: Shutting down and abandoning module AndroidDeviceDetection (457)
[2017.12.12-16.17.02:375][525]LogModuleManager: Shutting down and abandoning module WindowsPlatformEditor (454)
[2017.12.12-16.17.02:375][525]LogModuleManager: Shutting down and abandoning module IOSRuntimeSettings (452)
[2017.12.12-16.17.02:375][525]LogModuleManager: Shutting down and abandoning module AndroidRuntimeSettings (450)
[2017.12.12-16.17.02:375][525]LogModuleManager: Shutting down and abandoning module InputBindingEditor (448)
[2017.12.12-16.17.02:375][525]LogModuleManager: Shutting down and abandoning module MergeActors (446)
[2017.12.12-16.17.02:376][525]LogModuleManager: Shutting down and abandoning module SizeMap (444)
[2017.12.12-16.17.02:376][525]LogModuleManager: Shutting down and abandoning module TreeMap (442)
[2017.12.12-16.17.02:376][525]LogModuleManager: Shutting down and abandoning module ReferenceViewer (440)
[2017.12.12-16.17.02:376][525]LogModuleManager: Shutting down and abandoning module LocalizationDashboard (438)
[2017.12.12-16.17.02:376][525]LogModuleManager: Shutting down and abandoning module LocalizationService (437)
[2017.12.12-16.17.02:376][525]LogModuleManager: Shutting down and abandoning module HardwareTargeting (434)
[2017.12.12-16.17.02:376][525]LogModuleManager: Shutting down and abandoning module DeviceProfileEditor (432)
[2017.12.12-16.17.02:377][525]LogModuleManager: Shutting down and abandoning module UndoHistory (430)
[2017.12.12-16.17.02:377][525]LogModuleManager: Shutting down and abandoning module XmlParser (428)
[2017.12.12-16.17.02:377][525]LogModuleManager: Shutting down and abandoning module Blutility (426)
[2017.12.12-16.17.02:377][525]LogModuleManager: Shutting down and abandoning module ProjectSettingsViewer (424)
[2017.12.12-16.17.02:377][525]LogModuleManager: Shutting down and abandoning module ProjectTargetPlatformEditor (423)
[2017.12.12-16.17.02:377][525]LogModuleManager: Shutting down and abandoning module EditorSettingsViewer (420)
[2017.12.12-16.17.02:377][525]LogModuleManager: Shutting down and abandoning module SettingsEditor (418)
[2017.12.12-16.17.02:378][525]LogModuleManager: Shutting down and abandoning module ProjectLauncher (416)
[2017.12.12-16.17.02:378][525]LogModuleManager: Shutting down and abandoning module SessionFrontend (414)
[2017.12.12-16.17.02:378][525]LogModuleManager: Shutting down and abandoning module ProfilerClient (412)
[2017.12.12-16.17.02:379][525]LogModuleManager: Shutting down and abandoning module DeviceManager (410)
[2017.12.12-16.17.02:379][525]LogModuleManager: Shutting down and abandoning module TargetDeviceServices (409)
[2017.12.12-16.17.02:432][525]LogModuleManager: Shutting down and abandoning module AutomationController (406)
[2017.12.12-16.17.02:433][525]LogModuleManager: Shutting down and abandoning module AutomationWindow (404)
[2017.12.12-16.17.02:434][525]LogModuleManager: Shutting down and abandoning module Layers (402)
[2017.12.12-16.17.02:435][525]LogModuleManager: Shutting down and abandoning module ComponentVisualizers (400)
[2017.12.12-16.17.02:435][525]LogModuleManager: Shutting down and abandoning module DetailCustomizations (398)
[2017.12.12-16.17.02:436][525]LogModuleManager: Shutting down and abandoning module PackagesDialog (396)
[2017.12.12-16.17.02:436][525]LogModuleManager: Shutting down and abandoning module Persona (394)
[2017.12.12-16.17.02:437][525]LogModuleManager: Shutting down and abandoning module AdvancedPreviewScene (393)
[2017.12.12-16.17.02:437][525]LogModuleManager: Shutting down and abandoning module AnimGraph (391)
[2017.12.12-16.17.02:437][525]LogModuleManager: Shutting down and abandoning module Kismet (388)
[2017.12.12-16.17.02:442][525]LogModuleManager: Shutting down and abandoning module ClassViewer (386)
[2017.12.12-16.17.02:442][525]LogModuleManager: Shutting down and abandoning module Toolbox (384)
[2017.12.12-16.17.02:442][525]LogModuleManager: Shutting down and abandoning module ModuleUI (382)
[2017.12.12-16.17.02:443][525]LogModuleManager: Shutting down and abandoning module MovieSceneTools (380)
[2017.12.12-16.17.02:443][525]LogModuleManager: Shutting down and abandoning module OutputLog (378)
[2017.12.12-16.17.02:443][525]LogModuleManager: Shutting down and abandoning module GammaUI (376)
[2017.12.12-16.17.02:444][525]LogModuleManager: Shutting down and abandoning module Documentation (374)
[2017.12.12-16.17.02:444][525]LogModuleManager: Shutting down and abandoning module MovieSceneTracks (372)
[2017.12.12-16.17.02:444][525]LogModuleManager: Shutting down and abandoning module MovieScene (370)
[2017.12.12-16.17.02:444][525]LogModuleManager: Shutting down and abandoning module StreamingPauseRendering (368)
[2017.12.12-16.17.02:444][525]LogModuleManager: Shutting down and abandoning module LauncherPlatform (366)
[2017.12.12-16.17.02:444][525]LogModuleManager: Shutting down and abandoning module AnalyticsET (364)
[2017.12.12-16.17.02:445][525]LogModuleManager: Shutting down and abandoning module PortalServices (362)
[2017.12.12-16.17.02:445][525]LogModuleManager: Shutting down and abandoning module PortalRpc (360)
[2017.12.12-16.17.02:445][525]LogModuleManager: Shutting down and abandoning module MessagingRpc (358)
[2017.12.12-16.17.02:445][525]LogModuleManager: Shutting down and abandoning module AIModule (356)
[2017.12.12-16.17.02:445][525]LogModuleManager: Shutting down and abandoning module GameplayDebugger (355)
[2017.12.12-16.17.02:445][525]LogModuleManager: Shutting down and abandoning module AITestSuite (353)
[2017.12.12-16.17.02:445][525]LogModuleManager: Shutting down and abandoning module DesktopPlatform (350)
[2017.12.12-16.17.02:445][525]LogModuleManager: Shutting down and abandoning module ProfilerService (348)
[2017.12.12-16.17.02:695][525]LogModuleManager: Shutting down and abandoning module TaskGraph (346)
[2017.12.12-16.17.02:695][525]LogModuleManager: Shutting down and abandoning module SteamVRController (344)
[2017.12.12-16.17.02:695][525]LogModuleManager: Shutting down and abandoning module ProceduralMeshComponentEditor (342)
[2017.12.12-16.17.02:696][525]LogModuleManager: Shutting down and abandoning module ProceduralMeshComponent (340)
[2017.12.12-16.17.02:696][525]LogModuleManager: Shutting down and abandoning module OculusInput (338)
[2017.12.12-16.17.02:696][525]LogModuleManager: Shutting down and abandoning module MobilePatchingUtils (336)
[2017.12.12-16.17.02:696][525]LogModuleManager: Shutting down and abandoning module CustomMeshComponent (334)
[2017.12.12-16.17.02:696][525]LogModuleManager: Shutting down and abandoning module CableComponent (332)
[2017.12.12-16.17.02:696][525]LogModuleManager: Shutting down and abandoning module ArchVisCharacter (330)
[2017.12.12-16.17.02:696][525]LogModuleManager: Shutting down and abandoning module AndroidPermission (328)
[2017.12.12-16.17.02:696][525]LogModuleManager: Shutting down and abandoning module ActorSequence (324)
[2017.12.12-16.17.02:696][525]LogModuleManager: Shutting down and abandoning module MediaPlayerEditor (322)
[2017.12.12-16.17.02:697][525]LogModuleManager: Shutting down and abandoning module MediaCompositingEditor (320)
[2017.12.12-16.17.02:697][525]LogModuleManager: Shutting down and abandoning module MediaCompositing (318)
[2017.12.12-16.17.02:697][525]LogModuleManager: Shutting down and abandoning module HTML5Networking (316)
[2017.12.12-16.17.02:697][525]LogModuleManager: Shutting down and abandoning module AlembicImporter (314)
[2017.12.12-16.17.02:697][525]LogModuleManager: Shutting down and abandoning module AlembicLibrary (313)
[2017.12.12-16.17.02:698][525]LogModuleManager: Shutting down and abandoning module GeometryCache (312)
[2017.12.12-16.17.02:698][525]LogModuleManager: Shutting down and abandoning module GeometryCacheEd (311)
[2017.12.12-16.17.02:698][525]LogModuleManager: Shutting down and abandoning module SpeedTreeImporter (306)
[2017.12.12-16.17.02:698][525]LogModuleManager: Shutting down and abandoning module PluginBrowser (304)
[2017.12.12-16.17.02:698][525]LogModuleManager: Shutting down and abandoning module MobileLauncherProfileWizard (302)
[2017.12.12-16.17.02:698][525]LogModuleManager: Shutting down and abandoning module VisualStudioSourceCodeAccess (300)
[2017.12.12-16.17.02:699][525]LogModuleManager: Shutting down and abandoning module VisualStudioCodeSourceCodeAccess (298)
[2017.12.12-16.17.02:699][525]LogModuleManager: Shutting down and abandoning module UObjectPlugin (296)
[2017.12.12-16.17.02:699][525]LogModuleManager: Shutting down and abandoning module SubversionSourceControl (294)
[2017.12.12-16.17.02:699][525]LogModuleManager: Shutting down and abandoning module PerforceSourceControl (292)
[2017.12.12-16.17.02:699][525]LogModuleManager: Shutting down and abandoning module GitSourceControl (290)
[2017.12.12-16.17.02:699][525]LogModuleManager: Shutting down and abandoning module SourceControl (289)
[2017.12.12-16.17.02:699][525]LogModuleManager: Shutting down and abandoning module LightPropagationVolumeEditor (286)
[2017.12.12-16.17.02:699][525]LogModuleManager: Shutting down and abandoning module PaperTiledImporter (284)
[2017.12.12-16.17.02:700][525]LogModuleManager: Shutting down and abandoning module PaperSpriteSheetImporter (282)
[2017.12.12-16.17.02:700][525]LogModuleManager: Shutting down and abandoning module Paper2DEditor (280)
[2017.12.12-16.17.02:700][525]LogModuleManager: Shutting down and abandoning module MeshPaint (279)
[2017.12.12-16.17.02:700][525]LogModuleManager: Shutting down and abandoning module LevelEditor (277)
[2017.12.12-16.17.02:703][525]LogModuleManager: Shutting down and abandoning module PixelInspectorModule (276)
[2017.12.12-16.17.02:703][525]LogModuleManager: Shutting down and abandoning module MainFrame (274)
[2017.12.12-16.17.02:703][525]LogModuleManager: Shutting down and abandoning module HotReload (273)
[2017.12.12-16.17.02:718][525]LogModuleManager: Shutting down and abandoning module RuntimePhysXCooking (268)
[2017.12.12-16.17.02:718][525]LogModuleManager: Shutting down and abandoning module PhysXVehiclesEditor (266)
[2017.12.12-16.17.02:719][525]LogModuleManager: Shutting down and abandoning module PhysXVehicles (264)
[2017.12.12-16.17.02:719][525]LogModuleManager: Shutting down and abandoning module OculusEditor (262)
[2017.12.12-16.17.02:719][525]LogModuleManager: Shutting down and abandoning module LocationServicesBPLibrary (260)
[2017.12.12-16.17.02:719][525]LogModuleManager: Shutting down and abandoning module ImmediatePhysicsEditor (258)
[2017.12.12-16.17.02:719][525]LogModuleManager: Shutting down and abandoning module ImmediatePhysics (256)
[2017.12.12-16.17.02:719][525]LogModuleManager: Shutting down and abandoning module UdpMessaging (254)
[2017.12.12-16.17.02:820][525]LogModuleManager: Shutting down and abandoning module TcpMessaging (252)
[2017.12.12-16.17.02:920][525]LogModuleManager: Shutting down and abandoning module GameplayTagsEditor (250)
[2017.12.12-16.17.02:920][525]LogModuleManager: Shutting down and abandoning module FacialAnimationEditor (248)
[2017.12.12-16.17.02:920][525]LogModuleManager: Shutting down and abandoning module FacialAnimation (246)
[2017.12.12-16.17.02:920][525]LogModuleManager: Shutting down and abandoning module AssetManagerEditor (244)
[2017.12.12-16.17.02:921][525]LogModuleManager: Shutting down and abandoning module GraphEditor (243)
[2017.12.12-16.17.02:922][525]LogModuleManager: Shutting down and abandoning module ContentBrowser (241)
[2017.12.12-16.17.02:926][525]LogModuleManager: Shutting down and abandoning module LightPropagationVolumeRuntime (238)
[2017.12.12-16.17.02:927][525]LogModuleManager: Shutting down and abandoning module Paper2D (236)
[2017.12.12-16.17.02:927][525]LogModuleManager: Shutting down and abandoning module WindowsMoviePlayer (234)
[2017.12.12-16.17.02:927][525]LogModuleManager: Shutting down and abandoning module WmfMedia (232)
[2017.12.12-16.17.02:928][525]LogModuleManager: Shutting down and abandoning module ImgMedia (230)
[2017.12.12-16.17.02:928][525]LogModuleManager: Shutting down and abandoning module PacketHandler (228)
[2017.12.12-16.17.02:928][525]LogModuleManager: Shutting down and abandoning module ClothingSystemEditor (226)
[2017.12.12-16.17.02:928][525]LogModuleManager: Shutting down and abandoning module ClothingSystemRuntime (224)
[2017.12.12-16.17.02:929][525]LogModuleManager: Shutting down and abandoning module MediaAssets (222)
[2017.12.12-16.17.02:929][525]LogModuleManager: Shutting down and abandoning module Media (221)
[2017.12.12-16.17.02:936][525]LogModuleManager: Shutting down and abandoning module Overlay (218)
[2017.12.12-16.17.02:936][525]LogModuleManager: Shutting down and abandoning module OverlayEditor (217)
[2017.12.12-16.17.02:936][525]LogModuleManager: Shutting down and abandoning module VREditor (214)
[2017.12.12-16.17.02:937][525]LogModuleManager: Shutting down and abandoning module StringTableEditor (212)
[2017.12.12-16.17.02:937][525]LogModuleManager: Shutting down and abandoning module GameplayTasksEditor (210)
[2017.12.12-16.17.02:937][525]LogModuleManager: Shutting down and abandoning module BehaviorTreeEditor (208)
[2017.12.12-16.17.02:937][525]LogModuleManager: Shutting down and abandoning module FunctionalTesting (206)
[2017.12.12-16.17.02:938][525]LogModuleManager: Shutting down and abandoning module CollisionAnalyzer (204)
[2017.12.12-16.17.02:938][525]LogModuleManager: Shutting down and abandoning module WorkspaceMenuStructure (203)
[2017.12.12-16.17.02:938][525]LogModuleManager: Shutting down and abandoning module UMG (200)
[2017.12.12-16.17.02:938][525]LogModuleManager: Shutting down and abandoning module UMGEditor (199)
[2017.12.12-16.17.02:938][525]LogModuleManager: Shutting down and abandoning module Sequencer (198)
[2017.12.12-16.17.02:939][525]LogModuleManager: Shutting down and abandoning module MessageLog (195)
[2017.12.12-16.17.02:939][525]LogModuleManager: Shutting down and abandoning module SlateReflector (190)
[2017.12.12-16.17.02:940][525]LogModuleManager: Shutting down and abandoning module Slate (188)
[2017.12.12-16.17.02:940][525]LogModuleManager: Shutting down and abandoning module EditorStyle (186)
[2017.12.12-16.17.03:075][525]LogModuleManager: Shutting down and abandoning module MRMesh (184)
[2017.12.12-16.17.03:075][525]LogModuleManager: Shutting down and abandoning module SourceCodeAccess (182)
[2017.12.12-16.17.03:075][525]LogModuleManager: Shutting down and abandoning module HeadMountedDisplay (180)
[2017.12.12-16.17.03:076][525]LogModuleManager: Shutting down and abandoning module XAudio2 (178)
[2017.12.12-16.17.03:076][525]LogModuleManager: Shutting down and abandoning module Networking (176)
[2017.12.12-16.17.03:076][525]LogModuleManager: Shutting down and abandoning module Core (172)
[2017.12.12-16.17.03:076][525]LogModuleManager: Shutting down and abandoning module LevelSequence (168)
[2017.12.12-16.17.03:076][525]LogModuleManager: Shutting down and abandoning module DirectoryWatcher (166)
[2017.12.12-16.17.03:078][525]LogModuleManager: Shutting down and abandoning module KismetCompiler (164)
[2017.12.12-16.17.03:078][525]LogModuleManager: Shutting down and abandoning module MeshUtilities (162)
[2017.12.12-16.17.03:079][525]LogModuleManager: Shutting down and abandoning module MeshMergeUtilities (161)
[2017.12.12-16.17.03:079][525]LogModuleManager: Shutting down and abandoning module MeshReductionInterface (160)
[2017.12.12-16.17.03:079][525]LogModuleManager: Shutting down and abandoning module SimplygonSwarm (159)
[2017.12.12-16.17.03:079][525]LogModuleManager: Shutting down and abandoning module SimplygonMeshReduction (157)
[2017.12.12-16.17.03:080][525]LogModuleManager: Shutting down and abandoning module QuadricMeshReduction (155)
[2017.12.12-16.17.03:080][525]LogModuleManager: Shutting down and abandoning module MaterialBaking (151)
[2017.12.12-16.17.03:080][525]LogModuleManager: Shutting down and abandoning module DerivedDataCache (148)
[2017.12.12-16.17.03:164][525]LogDerivedDataCache: Shutdown
[2017.12.12-16.17.03:164][525]LogModuleManager: Shutting down and abandoning module TargetPlatform (146)
[2017.12.12-16.17.03:165][525]LogModuleManager: Shutting down and abandoning module VulkanShaderFormat (145)
[2017.12.12-16.17.03:165][525]LogModuleManager: Shutting down and abandoning module ShaderFormatVectorVM (143)
[2017.12.12-16.17.03:165][525]LogModuleManager: Shutting down and abandoning module ShaderFormatOpenGL (141)
[2017.12.12-16.17.03:166][525]LogModuleManager: Shutting down and abandoning module ShaderFormatD3D (139)
[2017.12.12-16.17.03:166][525]LogModuleManager: Shutting down and abandoning module MetalShaderFormat (137)
[2017.12.12-16.17.03:166][525]LogModuleManager: Shutting down and abandoning module TextureFormatUncompressed (135)
[2017.12.12-16.17.03:166][525]LogModuleManager: Shutting down and abandoning module TextureFormatPVR (133)
[2017.12.12-16.17.03:166][525]LogModuleManager: Shutting down and abandoning module TextureFormatDXT (131)
[2017.12.12-16.17.03:166][525]LogModuleManager: Shutting down and abandoning module TextureFormatIntelISPCTexComp (129)
[2017.12.12-16.17.03:167][525]LogModuleManager: Shutting down and abandoning module TextureFormatASTC (127)
[2017.12.12-16.17.03:167][525]LogModuleManager: Shutting down and abandoning module ImageWrapper (126)
[2017.12.12-16.17.03:167][525]LogModuleManager: Shutting down and abandoning module TextureFormatAndroid (123)
[2017.12.12-16.17.03:167][525]LogModuleManager: Shutting down and abandoning module AudioFormatOpus (121)
[2017.12.12-16.17.03:167][525]LogModuleManager: Shutting down and abandoning module AudioFormatOgg (119)
[2017.12.12-16.17.03:167][525]LogModuleManager: Shutting down and abandoning module AudioFormatADPCM (117)
[2017.12.12-16.17.03:167][525]LogModuleManager: Shutting down and abandoning module LinuxTargetPlatform (115)
[2017.12.12-16.17.03:167][525]LogModuleManager: Shutting down and abandoning module LinuxServerTargetPlatform (113)
[2017.12.12-16.17.03:168][525]LogModuleManager: Shutting down and abandoning module LinuxNoEditorTargetPlatform (111)
[2017.12.12-16.17.03:168][525]LogModuleManager: Shutting down and abandoning module LinuxClientTargetPlatform (109)
[2017.12.12-16.17.03:168][525]LogModuleManager: Shutting down and abandoning module TVOSTargetPlatform (107)
[2017.12.12-16.17.03:168][525]LogModuleManager: Shutting down and abandoning module Messaging (105)
[2017.12.12-16.17.03:168][525]LogModuleManager: Shutting down and abandoning module IOSTargetPlatform (103)
[2017.12.12-16.17.03:168][525]LogModuleManager: Shutting down and abandoning module HTML5TargetPlatform (101)
[2017.12.12-16.17.03:168][525]LogModuleManager: Shutting down and abandoning module AndroidTargetPlatform (99)
[2017.12.12-16.17.03:168][525]LogModuleManager: Shutting down and abandoning module Android_PVRTCTargetPlatform (97)
[2017.12.12-16.17.03:168][525]LogModuleManager: Shutting down and abandoning module Android_MultiTargetPlatform (95)
[2017.12.12-16.17.03:168][525]LogModuleManager: Shutting down and abandoning module Android_ETC2TargetPlatform (93)
[2017.12.12-16.17.03:168][525]LogModuleManager: Shutting down and abandoning module Android_ETC1TargetPlatform (91)
[2017.12.12-16.17.03:169][525]LogModuleManager: Shutting down and abandoning module Android_DXTTargetPlatform (89)
[2017.12.12-16.17.03:169][525]LogModuleManager: Shutting down and abandoning module Android_ATCTargetPlatform (87)
[2017.12.12-16.17.03:169][525]LogModuleManager: Shutting down and abandoning module Android_ASTCTargetPlatform (85)
[2017.12.12-16.17.03:169][525]LogModuleManager: Shutting down and abandoning module WindowsTargetPlatform (83)
[2017.12.12-16.17.03:169][525]LogModuleManager: Shutting down and abandoning module WindowsServerTargetPlatform (81)
[2017.12.12-16.17.03:169][525]LogModuleManager: Shutting down and abandoning module WindowsNoEditorTargetPlatform (79)
[2017.12.12-16.17.03:169][525]LogModuleManager: Shutting down and abandoning module WindowsClientTargetPlatform (77)
[2017.12.12-16.17.03:169][525]LogModuleManager: Shutting down and abandoning module MacTargetPlatform (75)
[2017.12.12-16.17.03:169][525]LogModuleManager: Shutting down and abandoning module MacServerTargetPlatform (73)
[2017.12.12-16.17.03:169][525]LogModuleManager: Shutting down and abandoning module MacNoEditorTargetPlatform (71)
[2017.12.12-16.17.03:170][525]LogModuleManager: Shutting down and abandoning module MacClientTargetPlatform (69)
[2017.12.12-16.17.03:170][525]LogModuleManager: Shutting down and abandoning module AllDesktopTargetPlatform (67)
[2017.12.12-16.17.03:170][525]LogModuleManager: Shutting down and abandoning module InputCore (64)
[2017.12.12-16.17.03:170][525]LogModuleManager: Shutting down and abandoning module Settings (62)
[2017.12.12-16.17.03:170][525]LogModuleManager: Shutting down and abandoning module PhysXCooking (60)
[2017.12.12-16.17.03:170][525]LogModuleManager: Shutting down and abandoning module SteamVR (58)
[2017.12.12-16.17.03:170][525]LogModuleManager: Shutting down and abandoning module OculusHMD (56)
[2017.12.12-16.17.03:170][525]LogModuleManager: Shutting down and abandoning module ExampleDeviceProfileSelector (54)
[2017.12.12-16.17.03:170][525]LogModuleManager: Shutting down and abandoning module AppleARKit (52)
[2017.12.12-16.17.03:170][525]LogModuleManager: Shutting down and abandoning module AugmentedReality (51)
[2017.12.12-16.17.03:170][525]LogModuleManager: Shutting down and abandoning module OnlineBlueprintSupport (48)
[2017.12.12-16.17.03:171][525]LogModuleManager: Shutting down and abandoning module OnlineSubsystem (44)
[2017.12.12-16.17.03:171][525]LogModuleManager: Shutting down and abandoning module XMPP (43)
[2017.12.12-16.17.03:172][525]LogModuleManager: Shutting down and abandoning module HTTP (41)
[2017.12.12-16.17.03:172][525]LogHttp: Display: Http module shutting down, but needs to wait on 1 outstanding Http requests:
[2017.12.12-16.17.03:172][525]LogHttp: Display: 	verb=[POST] url=[https://datarouter.ol.epicgames.com/datarouter/api/v1/public/data?SessionID=%7B1C2A374D-4E8A-4CA9-366D-6FB7182B7D1F%7D&AppID=UEEditor.Rocket.Release&AppVersion=4.18.1-3754814%2B%2B%2BUE4%2BRelease-4.18&UserID=2db98ffe4b7d4976664bb69020a091b2%7Cdfeee23a7a7245c89b9572bb71830046%7C4a961900-8863-4d3e-94ce-4ef2fdd47c3f&AppEnvironment=datacollector-binary&UploadType=eteventstream] status=Processing
[2017.12.12-16.17.03:191][525]LogModuleManager: Shutting down and abandoning module SSL (40)
[2017.12.12-16.17.03:195][525]LogModuleManager: Shutting down and abandoning module AnimationModifiers (36)
[2017.12.12-16.17.03:195][525]LogModuleManager: Shutting down and abandoning module PropertyEditor (35)
[2017.12.12-16.17.03:195][525]LogModuleManager: Shutting down and abandoning module AudioEditor (32)
[2017.12.12-16.17.03:196][525]LogModuleManager: Shutting down and abandoning module TextureCompressor (30)
[2017.12.12-16.17.03:196][525]LogModuleManager: Shutting down and abandoning module ShaderCore (28)
[2017.12.12-16.17.03:196][525]LogModuleManager: Shutting down and abandoning module Landscape (26)
[2017.12.12-16.17.03:196][525]LogModuleManager: Shutting down and abandoning module SlateRHIRenderer (24)
[2017.12.12-16.17.03:199][525]LogModuleManager: Shutting down and abandoning module OpenGLDrv (22)
[2017.12.12-16.17.03:200][525]LogModuleManager: Shutting down and abandoning module D3D11RHI (20)
[2017.12.12-16.17.03:200][525]LogModuleManager: Shutting down and abandoning module AnimGraphRuntime (18)
[2017.12.12-16.17.03:200][525]LogModuleManager: Shutting down and abandoning module Renderer (16)
[2017.12.12-16.17.03:200][525]LogModuleManager: Shutting down and abandoning module Engine (14)
[2017.12.12-16.17.03:200][525]LogModuleManager: Shutting down and abandoning module CoreUObject (12)
[2017.12.12-16.17.03:200][525]LogModuleManager: Shutting down and abandoning module NetworkFile (10)
[2017.12.12-16.17.03:200][525]LogModuleManager: Shutting down and abandoning module CookedIterativeFile (8)
[2017.12.12-16.17.03:200][525]LogModuleManager: Shutting down and abandoning module StreamingFile (6)
[2017.12.12-16.17.03:200][525]LogModuleManager: Shutting down and abandoning module SandboxFile (4)
[2017.12.12-16.17.03:200][525]LogModuleManager: Shutting down and abandoning module PakFile (2)
[2017.12.12-16.17.03:211][525]LogExit: Exiting.
[2017.12.12-16.17.03:295][525]Log file closed, 12/12/17 16:17:03
