Log file open, 01/18/18 01:52:28
LogWindows: Failed to load 'aqProf.dll' (GetLastError=126)
LogWindows: File 'aqProf.dll' does not exist
LogWindows: Failed to load 'VtuneApi.dll' (GetLastError=126)
LogWindows: File 'VtuneApi.dll' does not exist
LogWindows: Failed to load 'VtuneApi32e.dll' (GetLastError=126)
LogWindows: File 'VtuneApi32e.dll' does not exist
LogInit: Display: Running engine for game: BreakTheBuildFINAL
LogPlatformFile: Not using cached read wrapper
LogInit: Display: RandInit(1304952884) SRandInit(1304952884).
LogInit: Read version file with build ID '3709383'
LogInit: Overriding engine version to CL 3709383, compatible CL 3709383
LogInit: Registered custom module enumerator with build ID '3709383'
LogInit: Warning: Passing commandline switches using / instead of - has been deprecated and will be removed in future versions of Unreal Engine.
LogTaskGraph: Started task graph with 5 named threads and 14 total threads with 3 sets of task threads.
LogStats: Stats thread started at 0.254999
LogD3D11RHI: Aftermath initialized
LogInit: Warning: Passing commandline switches using / instead of - has been deprecated and will be removed in future versions of Unreal Engine.
LogModuleManager: Display: Found up-to-date module file ../../../Engine/Plugins/2D/Paper2D/Binaries/Win64/UE4Editor-Paper2D.dll (API version 3709383).
LogModuleManager: Display: Found up-to-date module file ../../../Engine/Plugins/2D/Paper2D/Binaries/Win64/UE4Editor-Paper2DEditor.dll (API version 3709383).
LogModuleManager: Display: Found up-to-date module file ../../../Engine/Plugins/2D/Paper2D/Binaries/Win64/UE4Editor-PaperSpriteSheetImporter.dll (API version 3709383).
LogModuleManager: Display: Found up-to-date module file ../../../Engine/Plugins/2D/Paper2D/Binaries/Win64/UE4Editor-PaperTiledImporter.dll (API version 3709383).
LogModuleManager: Display: Found up-to-date module file ../../../Engine/Plugins/2D/Paper2D/Binaries/Win64/UE4Editor-SmartSnapping.dll (API version 3709383).
LogModuleManager: Display: Found up-to-date module file ../../../Engine/Plugins/Blendables/LightPropagationVolume/Binaries/Win64/UE4Editor-LightPropagationVolumeRuntime.dll (API version 3709383).
LogModuleManager: Display: Found up-to-date module file ../../../Engine/Plugins/Blendables/LightPropagationVolume/Binaries/Win64/UE4Editor-LightPropagationVolumeEditor.dll (API version 3709383).
LogModuleManager: Display: Found up-to-date module file ../../../Engine/Plugins/Developer/GitSourceControl/Binaries/Win64/UE4Editor-GitSourceControl.dll (API version 3709383).
LogModuleManager: Display: Found up-to-date module file ../../../Engine/Plugins/Developer/PerforceSourceControl/Binaries/Win64/UE4Editor-PerforceSourceControl.dll (API version 3709383).
LogModuleManager: Display: Found up-to-date module file ../../../Engine/Plugins/Developer/SubversionSourceControl/Binaries/Win64/UE4Editor-SubversionSourceControl.dll (API version 3709383).
LogModuleManager: Display: Found up-to-date module file ../../../Engine/Plugins/Developer/UObjectPlugin/Binaries/Win64/UE4Editor-UObjectPlugin.dll (API version 3709383).
LogModuleManager: Display: Found up-to-date module file ../../../Engine/Plugins/Developer/VisualStudioCodeSourceCodeAccess/Binaries/Win64/UE4Editor-VisualStudioCodeSourceCodeAccess.dll (API version 3709383).
LogModuleManager: Display: Found up-to-date module file ../../../Engine/Plugins/Developer/VisualStudioSourceCodeAccess/Binaries/Win64/UE4Editor-VisualStudioSourceCodeAccess.dll (API version 3709383).
LogModuleManager: Display: Found up-to-date module file ../../../Engine/Plugins/Editor/AssetManagerEditor/Binaries/Win64/UE4Editor-AssetManagerEditor.dll (API version 3709383).
LogModuleManager: Display: Found up-to-date module file ../../../Engine/Plugins/Editor/AudioCapture/Binaries/Win64/UE4Editor-AudioCapture.dll (API version 3709383).
LogModuleManager: Display: Found up-to-date module file ../../../Engine/Plugins/Editor/FacialAnimation/Binaries/Win64/UE4Editor-FacialAnimation.dll (API version 3709383).
LogModuleManager: Display: Found up-to-date module file ../../../Engine/Plugins/Editor/FacialAnimation/Binaries/Win64/UE4Editor-FacialAnimationEditor.dll (API version 3709383).
LogModuleManager: Display: Found up-to-date module file ../../../Engine/Plugins/Editor/GameplayTagsEditor/Binaries/Win64/UE4Editor-GameplayTagsEditor.dll (API version 3709383).
LogModuleManager: Display: Found up-to-date module file ../../../Engine/Plugins/Editor/MobileLauncherProfileWizard/Binaries/Win64/UE4Editor-MobileLauncherProfileWizard.dll (API version 3709383).
LogModuleManager: Display: Found up-to-date module file ../../../Engine/Plugins/Editor/PluginBrowser/Binaries/Win64/UE4Editor-PluginBrowser.dll (API version 3709383).
LogModuleManager: Display: Found up-to-date module file ../../../Engine/Plugins/Editor/SpeedTreeImporter/Binaries/Win64/UE4Editor-SpeedTreeImporter.dll (API version 3709383).
LogModuleManager: Display: Found up-to-date module file ../../../Engine/Plugins/Experimental/AlembicImporter/Binaries/Win64/UE4Editor-AlembicImporter.dll (API version 3709383).
LogModuleManager: Display: Found up-to-date module file ../../../Engine/Plugins/Experimental/AlembicImporter/Binaries/Win64/UE4Editor-AlembicLibrary.dll (API version 3709383).
LogModuleManager: Display: Found up-to-date module file ../../../Engine/Plugins/Experimental/CharacterAI/Binaries/Win64/UE4Editor-CharacterAI.dll (API version 3709383).
LogModuleManager: Display: Found up-to-date module file ../../../Engine/Plugins/Experimental/HTML5Networking/Binaries/Win64/UE4Editor-HTML5Networking.dll (API version 3709383).
LogModuleManager: Display: Found up-to-date module file ../../../Engine/Plugins/Media/AndroidMedia/Binaries/Win64/UE4Editor-AndroidMediaEditor.dll (API version 3709383).
LogModuleManager: Display: Found up-to-date module file ../../../Engine/Plugins/Media/AndroidMedia/Binaries/Win64/UE4Editor-AndroidMediaFactory.dll (API version 3709383).
LogModuleManager: Display: Found up-to-date module file ../../../Engine/Plugins/Media/AvfMedia/Binaries/Win64/UE4Editor-AvfMediaEditor.dll (API version 3709383).
LogModuleManager: Display: Found up-to-date module file ../../../Engine/Plugins/Media/AvfMedia/Binaries/Win64/UE4Editor-AvfMediaFactory.dll (API version 3709383).
LogModuleManager: Display: Found up-to-date module file ../../../Engine/Plugins/Media/AvfMedia/Binaries/Win64/UE4Editor-AvfMediaFactory.dll (API version 3709383).
LogModuleManager: Display: Found up-to-date module file ../../../Engine/Plugins/Media/ImgMedia/Binaries/Win64/UE4Editor-ImgMedia.dll (API version 3709383).
LogModuleManager: Display: Found up-to-date module file ../../../Engine/Plugins/Media/ImgMedia/Binaries/Win64/UE4Editor-ImgMediaEditor.dll (API version 3709383).
LogModuleManager: Display: Found up-to-date module file ../../../Engine/Plugins/Media/ImgMedia/Binaries/Win64/UE4Editor-ImgMediaFactory.dll (API version 3709383).
LogModuleManager: Display: Found up-to-date module file ../../../Engine/Plugins/Media/ImgMedia/Binaries/Win64/UE4Editor-ImgMediaFactory.dll (API version 3709383).
LogModuleManager: Display: Found up-to-date module file ../../../Engine/Plugins/Media/ImgMedia/Binaries/Win64/UE4Editor-OpenExrWrapper.dll (API version 3709383).
LogModuleManager: Display: Found up-to-date module file ../../../Engine/Plugins/Media/MediaCompositing/Binaries/Win64/UE4Editor-MediaCompositing.dll (API version 3709383).
LogModuleManager: Display: Found up-to-date module file ../../../Engine/Plugins/Media/MediaCompositing/Binaries/Win64/UE4Editor-MediaCompositingEditor.dll (API version 3709383).
LogModuleManager: Display: Found up-to-date module file ../../../Engine/Plugins/Media/MediaPlayerEditor/Binaries/Win64/UE4Editor-MediaPlayerEditor.dll (API version 3709383).
LogModuleManager: Display: Found up-to-date module file ../../../Engine/Plugins/Media/WmfMedia/Binaries/Win64/UE4Editor-WmfMedia.dll (API version 3709383).
LogModuleManager: Display: Found up-to-date module file ../../../Engine/Plugins/Media/WmfMedia/Binaries/Win64/UE4Editor-WmfMediaEditor.dll (API version 3709383).
LogModuleManager: Display: Found up-to-date module file ../../../Engine/Plugins/Media/WmfMedia/Binaries/Win64/UE4Editor-WmfMediaFactory.dll (API version 3709383).
LogModuleManager: Display: Found up-to-date module file ../../../Engine/Plugins/Media/WmfMedia/Binaries/Win64/UE4Editor-WmfMediaFactory.dll (API version 3709383).
LogModuleManager: Display: Found up-to-date module file ../../../Engine/Plugins/Messaging/TcpMessaging/Binaries/Win64/UE4Editor-TcpMessaging.dll (API version 3709383).
LogModuleManager: Display: Found up-to-date module file ../../../Engine/Plugins/Messaging/UdpMessaging/Binaries/Win64/UE4Editor-UdpMessaging.dll (API version 3709383).
LogModuleManager: Display: Found up-to-date module file ../../../Engine/Plugins/MovieScene/ActorSequence/Binaries/Win64/UE4Editor-ActorSequence.dll (API version 3709383).
LogModuleManager: Display: Found up-to-date module file ../../../Engine/Plugins/MovieScene/LevelSequenceEditor/Binaries/Win64/UE4Editor-LevelSequenceEditor.dll (API version 3709383).
LogModuleManager: Display: Found up-to-date module file ../../../Engine/Plugins/MovieScene/MatineeToLevelSequence/Binaries/Win64/UE4Editor-MatineeToLevelSequence.dll (API version 3709383).
LogModuleManager: Display: Found up-to-date module file ../../../Engine/Plugins/Online/OnlineSubsystem/Binaries/Win64/UE4Editor-OnlineSubsystem.dll (API version 3709383).
LogModuleManager: Display: Found up-to-date module file ../../../Engine/Plugins/Runtime/AndroidPermission/Binaries/Win64/UE4Editor-AndroidPermission.dll (API version 3709383).
LogModuleManager: Display: Found up-to-date module file ../../../Engine/Plugins/Online/OnlineSubsystemNull/Binaries/Win64/UE4Editor-OnlineSubsystemNull.dll (API version 3709383).
LogModuleManager: Display: Found up-to-date module file ../../../Engine/Plugins/Online/OnlineSubsystemUtils/Binaries/Win64/UE4Editor-OnlineSubsystemUtils.dll (API version 3709383).
LogModuleManager: Display: Found up-to-date module file ../../../Engine/Plugins/Online/OnlineSubsystemUtils/Binaries/Win64/UE4Editor-OnlineBlueprintSupport.dll (API version 3709383).
LogModuleManager: Display: Found up-to-date module file ../../../Engine/Plugins/Runtime/AndroidDeviceProfileSelector/Binaries/Win64/UE4Editor-AndroidDeviceProfileSelector.dll (API version 3709383).
LogModuleManager: Display: Found up-to-date module file ../../../Engine/Plugins/Runtime/AppleARKit/Binaries/Win64/UE4Editor-AppleARKit.dll (API version 3709383).
LogModuleManager: Display: Found up-to-date module file ../../../Engine/Plugins/Runtime/ArchVisCharacter/Binaries/Win64/UE4Editor-ArchVisCharacter.dll (API version 3709383).
LogModuleManager: Display: Found up-to-date module file ../../../Engine/Plugins/Runtime/CableComponent/Binaries/Win64/UE4Editor-CableComponent.dll (API version 3709383).
LogModuleManager: Display: Found up-to-date module file ../../../Engine/Plugins/Runtime/CustomMeshComponent/Binaries/Win64/UE4Editor-CustomMeshComponent.dll (API version 3709383).
LogModuleManager: Display: Found up-to-date module file ../../../Engine/Plugins/Runtime/ExampleDeviceProfileSelector/Binaries/Win64/UE4Editor-ExampleDeviceProfileSelector.dll (API version 3709383).
LogModuleManager: Display: Found up-to-date module file ../../../Engine/Plugins/Runtime/ImmediatePhysics/Binaries/Win64/UE4Editor-ImmediatePhysics.dll (API version 3709383).
LogModuleManager: Display: Found up-to-date module file ../../../Engine/Plugins/Runtime/ImmediatePhysics/Binaries/Win64/UE4Editor-ImmediatePhysicsEditor.dll (API version 3709383).
LogModuleManager: Display: Found up-to-date module file ../../../Engine/Plugins/Runtime/LocationServicesBPLibrary/Binaries/Win64/UE4Editor-LocationServicesBPLibrary.dll (API version 3709383).
LogModuleManager: Display: Found up-to-date module file ../../../Engine/Plugins/Runtime/MobilePatchingUtils/Binaries/Win64/UE4Editor-MobilePatchingUtils.dll (API version 3709383).
LogModuleManager: Display: Found up-to-date module file ../../../Engine/Plugins/Runtime/Oculus/OculusVR/Binaries/Win64/UE4Editor-OculusHMD.dll (API version 3709383).
LogModuleManager: Display: Found up-to-date module file ../../../Engine/Plugins/Runtime/Oculus/OculusVR/Binaries/Win64/UE4Editor-OculusInput.dll (API version 3709383).
LogModuleManager: Display: Found up-to-date module file ../../../Engine/Plugins/Runtime/Oculus/OculusVR/Binaries/Win64/UE4Editor-OculusEditor.dll (API version 3709383).
LogModuleManager: Display: Found up-to-date module file ../../../Engine/Plugins/Runtime/PhysXVehicles/Binaries/Win64/UE4Editor-PhysXVehicles.dll (API version 3709383).
LogModuleManager: Display: Found up-to-date module file ../../../Engine/Plugins/Runtime/PhysXVehicles/Binaries/Win64/UE4Editor-PhysXVehiclesEditor.dll (API version 3709383).
LogModuleManager: Display: Found up-to-date module file ../../../Engine/Plugins/Runtime/ProceduralMeshComponent/Binaries/Win64/UE4Editor-ProceduralMeshComponent.dll (API version 3709383).
LogModuleManager: Display: Found up-to-date module file ../../../Engine/Plugins/Runtime/ProceduralMeshComponent/Binaries/Win64/UE4Editor-ProceduralMeshComponentEditor.dll (API version 3709383).
LogModuleManager: Display: Found up-to-date module file ../../../Engine/Plugins/Runtime/RuntimePhysXCooking/Binaries/Win64/UE4Editor-RuntimePhysXCooking.dll (API version 3709383).
LogModuleManager: Display: Found up-to-date module file ../../../Engine/Plugins/Runtime/Steam/SteamVR/Binaries/Win64/UE4Editor-SteamVR.dll (API version 3709383).
LogModuleManager: Display: Found up-to-date module file ../../../Engine/Plugins/Runtime/Steam/SteamVR/Binaries/Win64/UE4Editor-SteamVRController.dll (API version 3709383).
LogModuleManager: Display: Found up-to-date module file ../../../Engine/Plugins/Runtime/WindowsMoviePlayer/Binaries/Win64/UE4Editor-WindowsMoviePlayer.dll (API version 3709383).
LogPluginManager: Mounting plugin Paper2D
LogPluginManager: Mounting plugin LightPropagationVolume
LogPluginManager: Mounting plugin CodeLiteSourceCodeAccess
LogPluginManager: Mounting plugin GitSourceControl
LogPluginManager: Mounting plugin KDevelopSourceCodeAccess
LogPluginManager: Mounting plugin NullSourceCodeAccess
LogPluginManager: Mounting plugin PerforceSourceControl
LogPluginManager: Mounting plugin SubversionSourceControl
LogPluginManager: Mounting plugin UObjectPlugin
LogPluginManager: Mounting plugin VisualStudioCodeSourceCodeAccess
LogPluginManager: Mounting plugin VisualStudioSourceCodeAccess
LogPluginManager: Mounting plugin XCodeSourceCodeAccess
LogPluginManager: Mounting plugin AssetManagerEditor
LogPluginManager: Mounting plugin AudioCapture
LogPluginManager: Mounting plugin FacialAnimation
LogPluginManager: Mounting plugin GameplayTagsEditor
LogPluginManager: Mounting plugin MobileLauncherProfileWizard
LogPluginManager: Mounting plugin PluginBrowser
LogPluginManager: Mounting plugin SpeedTreeImporter
LogPluginManager: Mounting plugin AlembicImporter
LogPluginManager: Mounting plugin CharacterAI
LogPluginManager: Mounting plugin HTML5Networking
LogPluginManager: Mounting plugin AndroidMedia
LogPluginManager: Mounting plugin AvfMedia
LogPluginManager: Mounting plugin ImgMedia
LogPluginManager: Mounting plugin MediaCompositing
LogPluginManager: Mounting plugin MediaPlayerEditor
LogPluginManager: Mounting plugin WmfMedia
LogPluginManager: Mounting plugin TcpMessaging
LogPluginManager: Mounting plugin UdpMessaging
LogPluginManager: Mounting plugin ActorSequence
LogPluginManager: Mounting plugin LevelSequenceEditor
LogPluginManager: Mounting plugin MatineeToLevelSequence
LogPluginManager: Mounting plugin OnlineSubsystemGooglePlay
LogPluginManager: Mounting plugin OnlineSubsystemIOS
LogPluginManager: Mounting plugin OnlineSubsystem
LogPluginManager: Mounting plugin OnlineSubsystemNull
LogPluginManager: Mounting plugin OnlineSubsystemUtils
LogPluginManager: Mounting plugin AndroidDeviceProfileSelector
LogPluginManager: Mounting plugin AndroidMoviePlayer
LogPluginManager: Mounting plugin AndroidPermission
LogPluginManager: Mounting plugin AppleARKit
LogPluginManager: Mounting plugin AppleMoviePlayer
LogPluginManager: Mounting plugin ArchVisCharacter
LogPluginManager: Mounting plugin CableComponent
LogPluginManager: Mounting plugin CustomMeshComponent
LogPluginManager: Mounting plugin ExampleDeviceProfileSelector
LogPluginManager: Mounting plugin GoogleCloudMessaging
LogPluginManager: Mounting plugin ImmediatePhysics
LogPluginManager: Mounting plugin IOSDeviceProfileSelector
LogPluginManager: Mounting plugin LinuxDeviceProfileSelector
LogPluginManager: Mounting plugin LocationServicesBPLibrary
LogPluginManager: Mounting plugin MobilePatchingUtils
LogPluginManager: Mounting plugin OculusVR
LogPluginManager: Plugin shader directory ../../../Engine/Plugins/Runtime/Oculus/OculusVR/Shaders found
LogPluginManager: Mapping shader source directory ../../../Engine/Plugins/Runtime/Oculus/OculusVR/Shaders to virtual directory /Plugin/OculusVR
LogPluginManager: Mounting plugin PhysXVehicles
LogPluginManager: Mounting plugin ProceduralMeshComponent
LogPluginManager: Mounting plugin RuntimePhysXCooking
LogPluginManager: Mounting plugin SteamVR
LogPluginManager: Mounting plugin WindowsMoviePlayer
LogInit: Using libcurl 7.47.1
LogInit:  - built for x86_64-pc-win32
LogInit:  - supports SSL with OpenSSL/1.0.2g
LogInit:  - supports HTTP deflate (compression) using libz 1.2.8
LogInit:  - other features:
LogInit:      CURL_VERSION_SSL
LogInit:      CURL_VERSION_LIBZ
LogInit:      CURL_VERSION_IPV6
LogInit:      CURL_VERSION_ASYNCHDNS
LogInit:      CURL_VERSION_LARGEFILE
LogInit:      CURL_VERSION_IDN
LogInit:  CurlRequestOptions (configurable via config and command line):
LogInit:  - bVerifyPeer = false  - Libcurl will NOT verify peer certificate
LogInit:  - bUseHttpProxy = false  - Libcurl will NOT use HTTP proxy
LogInit:  - bDontReuseConnections = false  - Libcurl will reuse connections
LogInit:  - CertBundlePath = nullptr  - Libcurl will use whatever was configured at build time.
LogInit: Build: ++UE4+Release-4.18-CL-3709383
LogInit: Engine Version: 4.18.0-3709383+++UE4+Release-4.18
LogInit: Compatible Engine Version: 4.18.0-3709383+++UE4+Release-4.18
LogInit: Net CL: 3709383
LogDevObjectVersion: Number of dev versions registered: 16
LogDevObjectVersion:   Dev-Blueprints (B0D832E4-1F89-4F0D-ACCF-7EB736FD4AA2): 10
LogDevObjectVersion:   Dev-Build (E1C64328-A22C-4D53-A36C-8E866417BD8C): 0
LogDevObjectVersion:   Dev-Core (375EC13C-06E4-48FB-B500-84F0262A717E): 2
LogDevObjectVersion:   Dev-Editor (E4B068ED-F494-42E9-A231-DA0B2E46BB41): 20
LogDevObjectVersion:   Dev-Framework (CFFC743F-43B0-4480-9391-14DF171D2073): 30
LogDevObjectVersion:   Dev-Mobile (B02B49B5-BB20-44E9-A304-32B752E40360): 0
LogDevObjectVersion:   Dev-Networking (A4E4105C-59A1-49B5-A7C5-40C4547EDFEE): 0
LogDevObjectVersion:   Dev-Online (39C831C9-5AE6-47DC-9A44-9C173E1C8E7C): 0
LogDevObjectVersion:   Dev-Physics (78F01B33-EBEA-4F98-B9B4-84EACCB95AA2): 0
LogDevObjectVersion:   Dev-Platform (6631380F-2D4D-43E0-8009-CF276956A95A): 0
LogDevObjectVersion:   Dev-Rendering (12F88B9F-8875-4AFC-A67C-D90C383ABD29): 20
LogDevObjectVersion:   Dev-Sequencer (7B5AE74C-D270-4C10-A958-57980B212A5A): 4
LogDevObjectVersion:   Dev-VR (D7296918-1DD6-4BDD-9DE2-64A83CC13884): 0
LogDevObjectVersion:   Dev-LoadTimes (C2A15278-BFE7-4AFE-6C17-90FF531DF755): 1
LogDevObjectVersion:   Private-Geometry (6EACA3D4-40EC-4CC1-B786-8BED09428FC5): 1
LogDevObjectVersion:   Dev-AnimPhys (29E575DD-E0A3-4627-9D10-D276232CDCEA): 12
LogInit: Compiled (64-bit): Oct 20 2017 10:39:19
LogInit: Compiled with Visual C++: 19.00.24215.01
LogInit: Build Configuration: Development
LogInit: Branch Name: ++UE4+Release-4.18
LogInit: Command line:  /Game/Maps/Luis_Nightmare -game -PIEVIACONSOLE -ResX=1280 -ResY=720  -Multiprocess -messaging -SessionName="Play in Standalone Game" -windowed 
LogInit: Base directory: C:/Program Files/Epic Games/UE_4.18/Engine/Binaries/Win64/
LogInit: Installed Engine Build: 1
LogInit: Presizing for max 8388607 objects, including 0 objects not considered by GC, pre-allocating 0 bytes for permanent pool.
LogInit: Object subsystem initialized
[2018.01.18-01.52.31:109][  0]LogInit: Selected Device Profile: [Windows]
[2018.01.18-01.52.31:109][  0]LogInit: Applying CVar settings loaded from the selected device profile: [Windows]
[2018.01.18-01.52.31:117][  0]LogInit: Computer: DESKTOP-JF3SCMQ
[2018.01.18-01.52.31:118][  0]LogInit: User: Toby
[2018.01.18-01.52.31:118][  0]LogInit: CPU Page size=4096, Cores=4
[2018.01.18-01.52.31:118][  0]LogInit: High frequency timer resolution =2.742191 MHz
[2018.01.18-01.52.31:118][  0]LogMemory: Memory total: Physical=15.7GB (16GB approx)
[2018.01.18-01.52.31:118][  0]LogMemory: Platform Memory Stats for Windows
[2018.01.18-01.52.31:118][  0]LogMemory: Process Physical Memory: 273.87 MB used, 273.87 MB peak
[2018.01.18-01.52.31:118][  0]LogMemory: Process Virtual Memory: 271.84 MB used, 271.84 MB peak
[2018.01.18-01.52.31:118][  0]LogMemory: Physical Memory: 13754.21 MB used,  2311.57 MB free, 16065.77 MB total
[2018.01.18-01.52.31:118][  0]LogMemory: Virtual Memory: 679.57 MB used,  2311.57 MB free, 134217728.00 MB total
[2018.01.18-01.52.31:514][  0]LogInit: Using OS detected language (en-GB).
[2018.01.18-01.52.31:514][  0]LogInit: Using OS detected locale (en-GB).
[2018.01.18-01.52.31:526][  0]LogTextLocalizationManager: No specific localization for 'en-GB' exists, so the 'en' localization will be used.
[2018.01.18-01.52.32:246][  0]LogD3D11RHI: D3D11 adapters:
[2018.01.18-01.52.32:954][  0]LogD3D11RHI:    0. 'NVIDIA GeForce GTX 1060' (Feature Level 11_0)
[2018.01.18-01.52.32:954][  0]LogD3D11RHI:       6046/0/8032 MB DedicatedVideo/DedicatedSystem/SharedSystem, Outputs:1, VendorId:0x10de
[2018.01.18-01.52.32:960][  0]LogD3D11RHI:    1. 'Microsoft Basic Render Driver' (Feature Level 11_0)
[2018.01.18-01.52.32:960][  0]LogD3D11RHI:       0/0/8032 MB DedicatedVideo/DedicatedSystem/SharedSystem, Outputs:0, VendorId:0x1414
[2018.01.18-01.52.32:960][  0]LogD3D11RHI: Chosen D3D11 Adapter: 0
[2018.01.18-01.52.32:977][  0]LogD3D11RHI: Creating new Direct3DDevice
[2018.01.18-01.52.32:977][  0]LogD3D11RHI:     GPU DeviceId: 0x1c20 (for the marketing name, search the web for "GPU Device Id")
[2018.01.18-01.52.32:977][  0]LogWindows: EnumDisplayDevices:
[2018.01.18-01.52.32:978][  0]LogWindows:    0. 'NVIDIA GeForce GTX 1060' (P:1 D:1)
[2018.01.18-01.52.32:978][  0]LogWindows:    1. 'NVIDIA GeForce GTX 1060' (P:0 D:0)
[2018.01.18-01.52.32:978][  0]LogWindows:    2. 'NVIDIA GeForce GTX 1060' (P:0 D:0)
[2018.01.18-01.52.32:978][  0]LogWindows:    3. 'NVIDIA GeForce GTX 1060' (P:0 D:0)
[2018.01.18-01.52.32:978][  0]LogWindows: DebugString: GetVideoDriverDetailsInvalid PrimaryIsNotTheChoosenAdapter GetVideoDriverDetailsInvalid PrimaryIsNotTheChoosenAdapter GetVideoDriverDetailsInvalid PrimaryIsNotTheChoosenAdapter GetVideoDriverDetailsInvalid PrimaryIsNotTheChoosenAdapter FoundDriverCount:0 
[2018.01.18-01.52.32:978][  0]LogD3D11RHI:     Adapter Name: NVIDIA GeForce GTX 1060
[2018.01.18-01.52.32:978][  0]LogD3D11RHI:   Driver Version: Unknown (internal:Unknown, unified:Unknown)
[2018.01.18-01.52.32:978][  0]LogD3D11RHI:      Driver Date: Unknown
[2018.01.18-01.52.32:978][  0]LogRHI: Texture pool is 4232 MB (70% of 6046 MB)
[2018.01.18-01.52.33:575][  0]LogD3D11RHI: Async texture creation enabled
[2018.01.18-01.52.33:624][  0]LogD3D11RHI: GPU Timing Frequency: 1000.000000 (Debug: 2 1)
[2018.01.18-01.52.33:670][  0]LogShaderCompilers: Guid format shader working directory is -43 characters bigger than the processId version (D:/00_Projects/00_University/Term01/GroupTerm01/Luis_Nightmare Final/BreakTheBuildFINAL/Intermediate/Shaders/WorkingDirectory/42768/).
[2018.01.18-01.52.33:671][  0]LogShaderCompilers: Cleaned the shader compiler working directory 'C:/Users/Toby/AppData/Local/Temp/UnrealShaderWorkingDir/A29F44924A8DA5843579739B4989E114/'.
[2018.01.18-01.52.33:671][  0]LogShaderCompilers: Display: Using Local Shader Compiler.
[2018.01.18-01.52.35:163][  0]LogTemp: Display: Loaded TP WindowsClientTargetPlatform
[2018.01.18-01.52.35:257][  0]LogTemp: Display: Loaded TP WindowsNoEditorTargetPlatform
[2018.01.18-01.52.35:353][  0]LogTemp: Display: Loaded TP WindowsServerTargetPlatform
[2018.01.18-01.52.35:439][  0]LogTemp: Display: Loaded TP WindowsTargetPlatform
[2018.01.18-01.52.35:439][  0]LogTargetPlatformManager: Display: Building Assets For Windows
[2018.01.18-01.52.36:257][  0]LogDerivedDataCache: Display: Max Cache Size: 512 MB
[2018.01.18-01.52.36:419][  0]LogDerivedDataCache: Loaded boot cache 0.16s 78MB C:/Users/Toby/AppData/Local/UnrealEngine/4.18/DerivedDataCache/Boot.ddc.
[2018.01.18-01.52.36:419][  0]LogDerivedDataCache: Display: Loaded Boot cache: C:/Users/Toby/AppData/Local/UnrealEngine/4.18/DerivedDataCache/Boot.ddc
[2018.01.18-01.52.36:419][  0]LogDerivedDataCache: FDerivedDataBackendGraph:  Pak pak cache file D:/00_Projects/00_University/Term01/GroupTerm01/Luis_Nightmare Final/BreakTheBuildFINAL/DerivedDataCache/DDC.ddp not found, will not use a pak cache.
[2018.01.18-01.52.36:419][  0]LogDerivedDataCache: Unable to find inner node Pak for hierarchical cache Hierarchy.
[2018.01.18-01.52.36:420][  0]LogDerivedDataCache: FDerivedDataBackendGraph:  CompressedPak pak cache file D:/00_Projects/00_University/Term01/GroupTerm01/Luis_Nightmare Final/BreakTheBuildFINAL/DerivedDataCache/Compressed.ddp not found, will not use a pak cache.
[2018.01.18-01.52.36:420][  0]LogDerivedDataCache: Unable to find inner node CompressedPak for hierarchical cache Hierarchy.
[2018.01.18-01.52.36:448][  0]LogDerivedDataCache: Display: Pak cache opened for reading ../../../Engine/DerivedDataCache/Compressed.ddp.
[2018.01.18-01.52.36:460][  0]LogDerivedDataCache: Using Local data cache path C:/Users/Toby/AppData/Local/UnrealEngine/Common/DerivedDataCache: Writable
[2018.01.18-01.52.36:477][  0]LogMaterial: Verifying Global Shaders for PCD3D_SM5
[2018.01.18-01.52.36:478][  0]LogSlate: Using Freetype 2.6.0
[2018.01.18-01.52.36:481][  0]LogSlate: SlateFontCache - WITH_FREETYPE: 1, WITH_HARFBUZZ: 1
[2018.01.18-01.52.36:481][  0]LogSlate: SlateFontCache - WITH_FREETYPE: 1, WITH_HARFBUZZ: 1
[2018.01.18-01.52.37:137][  0]LogAssetRegistry: FAssetRegistry took 0.0049 seconds to start up
[2018.01.18-01.52.37:159][  0]LogPackageLocalizationCache: Processed 7 localized package path(s) for 2 prioritized culture(s) in 0.021428 seconds
[2018.01.18-01.52.37:284][  0]LogInit: Selected Device Profile: [Windows]
[2018.01.18-01.52.37:712][  0]LogSimplygon: Simplygon DLL not present - disabling.
[2018.01.18-01.52.37:789][  0]LogMeshReduction: Using SimplygonSwarm for distributed automatic mesh merging
[2018.01.18-01.52.37:789][  0]LogMeshReduction: Using QuadricMeshReduction for automatic static mesh reduction
[2018.01.18-01.52.37:789][  0]LogMeshReduction: No automatic skeletal mesh reduction module available
[2018.01.18-01.52.37:789][  0]LogMeshReduction: No automatic mesh merging module available
[2018.01.18-01.52.37:789][  0]LogMeshMerging: No automatic mesh merging module available
[2018.01.18-01.52.37:938][  0]LogNetVersion: BreakTheBuildFINAL , NetCL: 3709383, EngineNetVer: 2, GameNetVer: 0 (Checksum: 4088768677)
[2018.01.18-01.52.38:232][  0]LogInit: Warning: Passing commandline switches using / instead of - has been deprecated and will be removed in future versions of Unreal Engine.
[2018.01.18-01.52.38:233][  0]LogInit: Warning: Passing commandline switches using / instead of - has been deprecated and will be removed in future versions of Unreal Engine.
[2018.01.18-01.52.38:233][  0]LogInit: Warning: Passing commandline switches using / instead of - has been deprecated and will be removed in future versions of Unreal Engine.
[2018.01.18-01.52.38:666][  0]LogInit: WinSock: version 1.1 (2.2), MaxSocks=32767, MaxUdp=65467
[2018.01.18-01.52.41:247][  0]LogMoviePlayer: Initializing movie player
[2018.01.18-01.52.41:921][  0]LogCollectionManager: Loaded 0 collections in 0.001900 seconds
[2018.01.18-01.52.41:990][  0]LogFileCache: Scanning file cache for directory 'D:/00_Projects/00_University/Term01/GroupTerm01/Luis_Nightmare Final/BreakTheBuildFINAL/Saved/Collections/' took 0.01s
[2018.01.18-01.52.41:990][  0]LogFileCache: Scanning file cache for directory 'D:/00_Projects/00_University/Term01/GroupTerm01/Luis_Nightmare Final/BreakTheBuildFINAL/Content/Developers/Toby/Collections/' took 0.01s
[2018.01.18-01.52.41:990][  0]LogFileCache: Scanning file cache for directory 'D:/00_Projects/00_University/Term01/GroupTerm01/Luis_Nightmare Final/BreakTheBuildFINAL/Content/Collections/' took 0.01s
[2018.01.18-01.52.41:990][  0]LogCollectionManager: Rebuilt the object cache for 0 collections in 0.000000 seconds (found 0 objects)
[2018.01.18-01.52.41:990][  0]LogCollectionManager: Fixed up redirectors for 0 collections in 0.000127 seconds (updated 0 objects)
[2018.01.18-01.52.42:337][  0]LogTcpMessaging: Initializing TcpMessaging bridge
[2018.01.18-01.52.42:400][  0]LogUdpMessaging: Initializing bridge on interface 0.0.0.0:0 to multicast group 230.0.0.1:6666.
[2018.01.18-01.52.43:336][  0]LogInit: Warning: Passing commandline switches using / instead of - has been deprecated and will be removed in future versions of Unreal Engine.
[2018.01.18-01.52.43:336][  0]SourceControl: Source control is disabled
[2018.01.18-01.52.43:336][  0]SourceControl: Source control is disabled
[2018.01.18-01.52.43:433][  0]SourceControl: Source control is disabled
[2018.01.18-01.52.44:204][  0]LogAndroidPermission: UAndroidPermissionCallbackProxy::GetInstance
[2018.01.18-01.52.44:733][  0]LogOcInput: OculusInput pre-init called
[2018.01.18-01.52.44:958][  0]LogUObjectArray: 38953 objects as part of root set at end of initial load.
[2018.01.18-01.52.44:958][  0]LogUObjectAllocator: 8357520 out of 0 bytes used by permanent object pool.
[2018.01.18-01.52.44:958][  0]LogUObjectArray: CloseDisregardForGC: 0/0 objects in disregard for GC pool
[2018.01.18-01.52.45:120][  0]LogEngine: Initializing Engine...
[2018.01.18-01.52.45:122][  0]LogHMD: Failed to initialize OpenVR with code 110
[2018.01.18-01.52.45:366][  0]LogStats: UGameplayTagsManager::ConstructGameplayTagTree: Construct from data asset -  0.000 s
[2018.01.18-01.52.45:366][  0]LogStats: UGameplayTagsManager::ConstructGameplayTagTree: GameplayTagTreeChangedEvent.Broadcast -  0.000 s
[2018.01.18-01.52.45:375][  0]LogInit: XAudio2 using 'Speakers (Realtek High Definition Audio)' : 2 channels at 48 kHz using 32 bits per sample (channel mask 0x3)
[2018.01.18-01.52.45:402][  0]LogInit: FAudioDevice initialized.
[2018.01.18-01.52.45:433][  0]LogInit: Texture streaming: Enabled
[2018.01.18-01.52.45:473][  0]LogMaterial: Uniform references updated for custom material expression Custom.
[2018.01.18-01.52.46:073][  0]LogInit: Warning: Passing commandline switches using / instead of - has been deprecated and will be removed in future versions of Unreal Engine.
[2018.01.18-01.52.46:158][  0]LogInit: Display: Game Engine Initialized.
[2018.01.18-01.52.46:158][  0]LogGameplayTags: Display: UGameplayTagsManager::DoneAddingNativeTags. DelegateIsBound: 0
[2018.01.18-01.52.46:468][  0]LogInit: Display: Starting Game.
[2018.01.18-01.52.46:468][  0]LogNet: Browse: /Game/Maps/Luis_Nightmare?Name=Player
[2018.01.18-01.52.46:468][  0]LogLoad: LoadMap: /Game/Maps/Luis_Nightmare?Name=Player
[2018.01.18-01.52.47:248][  0]LogBlueprint: Warning: [Compiler door2] Get : 'StaticMeshComponent' variable not found. Base class was probably changed. /Game/PabloPuzzle/modular/wall/doorButton/door2.door2
[2018.01.18-01.52.47:465][  0]LogBlueprint: Warning: [Compiler FirstPersonCharacter] Character.ArrowComponent is not blueprint visible (BlueprintReadOnly or BlueprintReadWrite). Please fix mark up or cease accessing as this will be made an error in a future release.  Get ArrowComponent
[2018.01.18-01.52.47:469][  0]LogBlueprint: Warning: [Compiler FirstPersonCharacter] Character.ArrowComponent is not blueprint visible (BlueprintReadOnly or BlueprintReadWrite). Please fix mark up or cease accessing as this will be made an error in a future release.  Get ArrowComponent
[2018.01.18-01.52.47:651][  0]LogBlueprint: Warning: [Compiler door2] [0021.25] Compile of door2 successful, but with 1 Warning(s) [in 437 ms] (/Game/PabloPuzzle/modular/wall/doorButton/door2.door2)
[2018.01.18-01.52.47:651][  0]LogBlueprint: Warning: [Compiler FirstPersonCharacter] [0021.25] Compile of FirstPersonCharacter successful, but with 2 Warning(s) [in 438 ms] (/Game/FirstPersonBP/Blueprints/FirstPersonCharacter.FirstPersonCharacter)
[2018.01.18-01.52.48:194][  0]LogLinker: Warning: Can't find file '/Game/StarterContent/Blueprints/Assets/M_LightStage_Skybox_Master'
[2018.01.18-01.52.48:194][  0]LoadErrors: Failed to load /Game/StarterContent/Blueprints/Assets/M_LightStage_Skybox_Master.M_LightStage_Skybox_Master Referenced by M_LightStage_Skybox_Black
[2018.01.18-01.52.48:194][  0]LogUObjectGlobals: Warning: Failed to load '/Game/StarterContent/Blueprints/Assets/M_LightStage_Skybox_Master': Can't find file '/Game/StarterContent/Blueprints/Assets/M_LightStage_Skybox_Master'
[2018.01.18-01.52.48:194][  0]LogLinker: Warning: Can't find file for asset '/Game/StarterContent/Blueprints/Assets/M_LightStage_Skybox_Master' while loading NULL.
[2018.01.18-01.52.48:194][  0]LoadErrors: Failed to load /Game/StarterContent/Blueprints/Assets/M_LightStage_Skybox_Master.M_LightStage_Skybox_Master Referenced by M_LightStage_Skybox_Black
[2018.01.18-01.52.48:194][  0]LogUObjectGlobals: Warning: Failed to load '/Game/StarterContent/Blueprints/Assets/M_LightStage_Skybox_Master': Can't find file for asset '/Game/StarterContent/Blueprints/Assets/M_LightStage_Skybox_Master' while loading NULL.
[2018.01.18-01.52.48:466][  0]LogLinker: Warning: Can't find file '/Game/modular/plants/plantFlowerTexture'
[2018.01.18-01.52.48:466][  0]LoadErrors: Failed to load /Game/modular/plants/plantFlowerTexture.plantFlowerTexture Referenced by plantFlower
[2018.01.18-01.52.48:466][  0]LogUObjectGlobals: Warning: Failed to load '/Game/modular/plants/plantFlowerTexture': Can't find file '/Game/modular/plants/plantFlowerTexture'
[2018.01.18-01.52.48:466][  0]LogLinker: Warning: Can't find file for asset '/Game/modular/plants/plantFlowerTexture' while loading NULL.
[2018.01.18-01.52.48:466][  0]LoadErrors: Failed to load /Game/modular/plants/plantFlowerTexture.plantFlowerTexture Referenced by plantFlower
[2018.01.18-01.52.48:467][  0]LogUObjectGlobals: Warning: Failed to load '/Game/modular/plants/plantFlowerTexture': Can't find file for asset '/Game/modular/plants/plantFlowerTexture' while loading NULL.
[2018.01.18-01.52.48:467][  0]LogLinker: Warning: Can't find file '/Game/modular/plants/plantFlowerTexture'
[2018.01.18-01.52.48:467][  0]LoadErrors: Failed to load /Game/modular/plants/plantFlowerTexture.plantFlowerTexture Referenced by plantFlower
[2018.01.18-01.52.48:467][  0]LogUObjectGlobals: Warning: Failed to load '/Game/modular/plants/plantFlowerTexture': Can't find file '/Game/modular/plants/plantFlowerTexture'
[2018.01.18-01.52.48:467][  0]LogLinker: Warning: Can't find file for asset '/Game/modular/plants/plantFlowerTexture' while loading NULL.
[2018.01.18-01.52.48:467][  0]LoadErrors: Failed to load /Game/modular/plants/plantFlowerTexture.plantFlowerTexture Referenced by plantFlower
[2018.01.18-01.52.48:467][  0]LogUObjectGlobals: Warning: Failed to load '/Game/modular/plants/plantFlowerTexture': Can't find file for asset '/Game/modular/plants/plantFlowerTexture' while loading NULL.
[2018.01.18-01.52.48:468][  0]LogLinker: Warning: Can't find file '/Game/props/429ed64a4e97446684d3145a861ef684_Marker'
[2018.01.18-01.52.48:468][  0]LoadErrors: Failed to load /Game/props/429ed64a4e97446684d3145a861ef684_Marker.429ed64a4e97446684d3145a861ef684_Marker Referenced by moustacheDemon
[2018.01.18-01.52.48:468][  0]LogUObjectGlobals: Warning: Failed to load '/Game/props/429ed64a4e97446684d3145a861ef684_Marker': Can't find file '/Game/props/429ed64a4e97446684d3145a861ef684_Marker'
[2018.01.18-01.52.48:469][  0]LogLinker: Warning: Can't find file for asset '/Game/props/429ed64a4e97446684d3145a861ef684_Marker' while loading NULL.
[2018.01.18-01.52.48:469][  0]LoadErrors: Failed to load /Game/props/429ed64a4e97446684d3145a861ef684_Marker.429ed64a4e97446684d3145a861ef684_Marker Referenced by moustacheDemon
[2018.01.18-01.52.48:469][  0]LogUObjectGlobals: Warning: Failed to load '/Game/props/429ed64a4e97446684d3145a861ef684_Marker': Can't find file for asset '/Game/props/429ed64a4e97446684d3145a861ef684_Marker' while loading NULL.
[2018.01.18-01.52.48:469][  0]LogLinker: Warning: Can't find file '/Game/props/429ed64a4e97446684d3145a861ef684_Marker'
[2018.01.18-01.52.48:469][  0]LoadErrors: Failed to load /Game/props/429ed64a4e97446684d3145a861ef684_Marker.429ed64a4e97446684d3145a861ef684_Marker Referenced by moustacheDemon
[2018.01.18-01.52.48:469][  0]LogUObjectGlobals: Warning: Failed to load '/Game/props/429ed64a4e97446684d3145a861ef684_Marker': Can't find file '/Game/props/429ed64a4e97446684d3145a861ef684_Marker'
[2018.01.18-01.52.48:469][  0]LogLinker: Warning: Can't find file for asset '/Game/props/429ed64a4e97446684d3145a861ef684_Marker' while loading NULL.
[2018.01.18-01.52.48:469][  0]LoadErrors: Failed to load /Game/props/429ed64a4e97446684d3145a861ef684_Marker.429ed64a4e97446684d3145a861ef684_Marker Referenced by moustacheDemon
[2018.01.18-01.52.48:469][  0]LogUObjectGlobals: Warning: Failed to load '/Game/props/429ed64a4e97446684d3145a861ef684_Marker': Can't find file for asset '/Game/props/429ed64a4e97446684d3145a861ef684_Marker' while loading NULL.
[2018.01.18-01.52.48:470][  0]LogLinker: Warning: Can't find file '/Game/props/429ed64a4e97446684d3145a861ef684_Marker'
[2018.01.18-01.52.48:470][  0]LoadErrors: Failed to load /Game/props/429ed64a4e97446684d3145a861ef684_Marker.429ed64a4e97446684d3145a861ef684_Marker Referenced by birdy
[2018.01.18-01.52.48:470][  0]LogUObjectGlobals: Warning: Failed to load '/Game/props/429ed64a4e97446684d3145a861ef684_Marker': Can't find file '/Game/props/429ed64a4e97446684d3145a861ef684_Marker'
[2018.01.18-01.52.48:470][  0]LogLinker: Warning: Can't find file for asset '/Game/props/429ed64a4e97446684d3145a861ef684_Marker' while loading NULL.
[2018.01.18-01.52.48:470][  0]LoadErrors: Failed to load /Game/props/429ed64a4e97446684d3145a861ef684_Marker.429ed64a4e97446684d3145a861ef684_Marker Referenced by birdy
[2018.01.18-01.52.48:470][  0]LogUObjectGlobals: Warning: Failed to load '/Game/props/429ed64a4e97446684d3145a861ef684_Marker': Can't find file for asset '/Game/props/429ed64a4e97446684d3145a861ef684_Marker' while loading NULL.
[2018.01.18-01.52.48:470][  0]LogLinker: Warning: Can't find file '/Game/props/429ed64a4e97446684d3145a861ef684_Marker'
[2018.01.18-01.52.48:470][  0]LoadErrors: Failed to load /Game/props/429ed64a4e97446684d3145a861ef684_Marker.429ed64a4e97446684d3145a861ef684_Marker Referenced by birdy
[2018.01.18-01.52.48:470][  0]LogUObjectGlobals: Warning: Failed to load '/Game/props/429ed64a4e97446684d3145a861ef684_Marker': Can't find file '/Game/props/429ed64a4e97446684d3145a861ef684_Marker'
[2018.01.18-01.52.48:471][  0]LogLinker: Warning: Can't find file for asset '/Game/props/429ed64a4e97446684d3145a861ef684_Marker' while loading NULL.
[2018.01.18-01.52.48:471][  0]LoadErrors: Failed to load /Game/props/429ed64a4e97446684d3145a861ef684_Marker.429ed64a4e97446684d3145a861ef684_Marker Referenced by birdy
[2018.01.18-01.52.48:471][  0]LogUObjectGlobals: Warning: Failed to load '/Game/props/429ed64a4e97446684d3145a861ef684_Marker': Can't find file for asset '/Game/props/429ed64a4e97446684d3145a861ef684_Marker' while loading NULL.
[2018.01.18-01.52.48:472][  0]LogLinker: Warning: Can't find file '/Game/textures/neon'
[2018.01.18-01.52.48:472][  0]LoadErrors: Failed to load /Game/textures/neon.neon Referenced by Untitled_4
[2018.01.18-01.52.48:472][  0]LogUObjectGlobals: Warning: Failed to load '/Game/textures/neon': Can't find file '/Game/textures/neon'
[2018.01.18-01.52.48:472][  0]LogLinker: Warning: Can't find file for asset '/Game/textures/neon' while loading NULL.
[2018.01.18-01.52.48:472][  0]LoadErrors: Failed to load /Game/textures/neon.neon Referenced by Untitled_4
[2018.01.18-01.52.48:472][  0]LogUObjectGlobals: Warning: Failed to load '/Game/textures/neon': Can't find file for asset '/Game/textures/neon' while loading NULL.
[2018.01.18-01.52.48:472][  0]LogLinker: Warning: Can't find file '/Game/textures/neon'
[2018.01.18-01.52.48:472][  0]LoadErrors: Failed to load /Game/textures/neon.neon Referenced by Untitled_4
[2018.01.18-01.52.48:472][  0]LogUObjectGlobals: Warning: Failed to load '/Game/textures/neon': Can't find file '/Game/textures/neon'
[2018.01.18-01.52.48:472][  0]LogLinker: Warning: Can't find file for asset '/Game/textures/neon' while loading NULL.
[2018.01.18-01.52.48:472][  0]LoadErrors: Failed to load /Game/textures/neon.neon Referenced by Untitled_4
[2018.01.18-01.52.48:472][  0]LogUObjectGlobals: Warning: Failed to load '/Game/textures/neon': Can't find file for asset '/Game/textures/neon' while loading NULL.
[2018.01.18-01.52.48:622][  0]LogLinker: Warning: Can't find file '/Game/modular/mobilier/initialShadingGroup_3'
[2018.01.18-01.52.48:622][  0]LoadErrors: Failed to load /Game/modular/mobilier/initialShadingGroup_3.initialShadingGroup_3 Referenced by sculptureCherub
[2018.01.18-01.52.48:622][  0]LogUObjectGlobals: Warning: Failed to load '/Game/modular/mobilier/initialShadingGroup_3': Can't find file '/Game/modular/mobilier/initialShadingGroup_3'
[2018.01.18-01.52.48:622][  0]LogLinker: Warning: Can't find file for asset '/Game/modular/mobilier/initialShadingGroup_3' while loading NULL.
[2018.01.18-01.52.48:622][  0]LoadErrors: Failed to load /Game/modular/mobilier/initialShadingGroup_3.initialShadingGroup_3 Referenced by sculptureCherub
[2018.01.18-01.52.48:622][  0]LogUObjectGlobals: Warning: Failed to load '/Game/modular/mobilier/initialShadingGroup_3': Can't find file for asset '/Game/modular/mobilier/initialShadingGroup_3' while loading NULL.
[2018.01.18-01.52.48:622][  0]LogLinker: Warning: Can't find file '/Game/modular/mobilier/initialShadingGroup_3'
[2018.01.18-01.52.48:622][  0]LoadErrors: Failed to load /Game/modular/mobilier/initialShadingGroup_3.initialShadingGroup_3 Referenced by sculptureCherub
[2018.01.18-01.52.48:622][  0]LogUObjectGlobals: Warning: Failed to load '/Game/modular/mobilier/initialShadingGroup_3': Can't find file '/Game/modular/mobilier/initialShadingGroup_3'
[2018.01.18-01.52.48:622][  0]LogLinker: Warning: Can't find file for asset '/Game/modular/mobilier/initialShadingGroup_3' while loading NULL.
[2018.01.18-01.52.48:623][  0]LoadErrors: Failed to load /Game/modular/mobilier/initialShadingGroup_3.initialShadingGroup_3 Referenced by sculptureCherub
[2018.01.18-01.52.48:623][  0]LogUObjectGlobals: Warning: Failed to load '/Game/modular/mobilier/initialShadingGroup_3': Can't find file for asset '/Game/modular/mobilier/initialShadingGroup_3' while loading NULL.
[2018.01.18-01.52.48:623][  0]LogLinker: Warning: Can't find file '/Game/modular/mobilier/initialShadingGroup_2'
[2018.01.18-01.52.48:623][  0]LoadErrors: Failed to load /Game/modular/mobilier/initialShadingGroup_2.initialShadingGroup_2 Referenced by piedestale
[2018.01.18-01.52.48:623][  0]LogUObjectGlobals: Warning: Failed to load '/Game/modular/mobilier/initialShadingGroup_2': Can't find file '/Game/modular/mobilier/initialShadingGroup_2'
[2018.01.18-01.52.48:623][  0]LogLinker: Warning: Can't find file for asset '/Game/modular/mobilier/initialShadingGroup_2' while loading NULL.
[2018.01.18-01.52.48:623][  0]LoadErrors: Failed to load /Game/modular/mobilier/initialShadingGroup_2.initialShadingGroup_2 Referenced by piedestale
[2018.01.18-01.52.48:623][  0]LogUObjectGlobals: Warning: Failed to load '/Game/modular/mobilier/initialShadingGroup_2': Can't find file for asset '/Game/modular/mobilier/initialShadingGroup_2' while loading NULL.
[2018.01.18-01.52.48:623][  0]LogLinker: Warning: Can't find file '/Game/modular/mobilier/initialShadingGroup_2'
[2018.01.18-01.52.48:623][  0]LoadErrors: Failed to load /Game/modular/mobilier/initialShadingGroup_2.initialShadingGroup_2 Referenced by piedestale
[2018.01.18-01.52.48:623][  0]LogUObjectGlobals: Warning: Failed to load '/Game/modular/mobilier/initialShadingGroup_2': Can't find file '/Game/modular/mobilier/initialShadingGroup_2'
[2018.01.18-01.52.48:624][  0]LogLinker: Warning: Can't find file for asset '/Game/modular/mobilier/initialShadingGroup_2' while loading NULL.
[2018.01.18-01.52.48:624][  0]LoadErrors: Failed to load /Game/modular/mobilier/initialShadingGroup_2.initialShadingGroup_2 Referenced by piedestale
[2018.01.18-01.52.48:624][  0]LogUObjectGlobals: Warning: Failed to load '/Game/modular/mobilier/initialShadingGroup_2': Can't find file for asset '/Game/modular/mobilier/initialShadingGroup_2' while loading NULL.
[2018.01.18-01.52.48:624][  0]LogLinker: Warning: Can't find file '/Game/modular/mobilier/GrowingTrayTexture1'
[2018.01.18-01.52.48:624][  0]LoadErrors: Failed to load /Game/modular/mobilier/GrowingTrayTexture1.GrowingTrayTexture1 Referenced by growingtray
[2018.01.18-01.52.48:624][  0]LogUObjectGlobals: Warning: Failed to load '/Game/modular/mobilier/GrowingTrayTexture1': Can't find file '/Game/modular/mobilier/GrowingTrayTexture1'
[2018.01.18-01.52.48:624][  0]LogLinker: Warning: Can't find file for asset '/Game/modular/mobilier/GrowingTrayTexture1' while loading NULL.
[2018.01.18-01.52.48:624][  0]LoadErrors: Failed to load /Game/modular/mobilier/GrowingTrayTexture1.GrowingTrayTexture1 Referenced by growingtray
[2018.01.18-01.52.48:624][  0]LogUObjectGlobals: Warning: Failed to load '/Game/modular/mobilier/GrowingTrayTexture1': Can't find file for asset '/Game/modular/mobilier/GrowingTrayTexture1' while loading NULL.
[2018.01.18-01.52.48:624][  0]LogLinker: Warning: Can't find file '/Game/modular/mobilier/GrowingTrayTexture1'
[2018.01.18-01.52.48:624][  0]LoadErrors: Failed to load /Game/modular/mobilier/GrowingTrayTexture1.GrowingTrayTexture1 Referenced by growingtray
[2018.01.18-01.52.48:624][  0]LogUObjectGlobals: Warning: Failed to load '/Game/modular/mobilier/GrowingTrayTexture1': Can't find file '/Game/modular/mobilier/GrowingTrayTexture1'
[2018.01.18-01.52.48:625][  0]LogLinker: Warning: Can't find file for asset '/Game/modular/mobilier/GrowingTrayTexture1' while loading NULL.
[2018.01.18-01.52.48:625][  0]LoadErrors: Failed to load /Game/modular/mobilier/GrowingTrayTexture1.GrowingTrayTexture1 Referenced by growingtray
[2018.01.18-01.52.48:625][  0]LogUObjectGlobals: Warning: Failed to load '/Game/modular/mobilier/GrowingTrayTexture1': Can't find file for asset '/Game/modular/mobilier/GrowingTrayTexture1' while loading NULL.
[2018.01.18-01.52.51:726][  0]LogAIModule: Creating AISystem for world Luis_Nightmare
[2018.01.18-01.52.51:727][  0]LogLoad: Game class is 'FirstPersonGameMode_C'
[2018.01.18-01.52.51:905][  0]LogWorld: Bringing World /Game/Maps/Luis_Nightmare.Luis_Nightmare up for play (max tick rate 0) at 2018.01.18-01.52.51
[2018.01.18-01.52.51:912][  0]LogLinker: Warning: Can't find file '/Game/Portcullis/OpenCloseGateLevelSequence'
[2018.01.18-01.52.51:912][  0]LogUObjectGlobals: Warning: Failed to load '/Game/Portcullis/OpenCloseGateLevelSequence': Can't find file '/Game/Portcullis/OpenCloseGateLevelSequence'
[2018.01.18-01.52.51:912][  0]LogLinker: Warning: Can't find file '/Game/Portcullis/OpenCloseGateLevelSequence'
[2018.01.18-01.52.51:912][  0]LogUObjectGlobals: Warning: Failed to load '/Game/Portcullis/OpenCloseGateLevelSequence': Can't find file '/Game/Portcullis/OpenCloseGateLevelSequence'
[2018.01.18-01.52.51:912][  0]LogUObjectGlobals: Warning: Failed to find object 'Object /Game/Portcullis/OpenCloseGateLevelSequence.OpenCloseGateLevelSequence'
[2018.01.18-01.52.51:923][  0]LogWorld: Bringing up level for play took: 0.194118
[2018.01.18-01.52.51:926][  0]LogGameMode: FindPlayerStart: PATHS NOT DEFINED or NO PLAYERSTART with positive rating
[2018.01.18-01.52.51:942][  0]PIE: Warning: Invalid Simulate Options: Body (KeyBlue3_260.Cube Pumpkin1) is set to simulate physics but Collision Enabled is incompatible
[2018.01.18-01.52.51:942][  0]PIE: Warning: Invalid Simulate Options: Body (KeyBlue3_260.Cube Pumpkin1) is set to simulate physics but Collision Enabled is incompatible
[2018.01.18-01.52.51:943][  0]PIE: Warning: Invalid Simulate Options: Body (KeyBlue4.Cube Pumpkin1) is set to simulate physics but Collision Enabled is incompatible
[2018.01.18-01.52.51:943][  0]PIE: Warning: Invalid Simulate Options: Body (KeyBlue4.Cube Pumpkin1) is set to simulate physics but Collision Enabled is incompatible
[2018.01.18-01.52.51:943][  0]PIE: Warning: Invalid Simulate Options: Body (KeyBlue5.Cube Pumpkin1) is set to simulate physics but Collision Enabled is incompatible
[2018.01.18-01.52.51:943][  0]PIE: Warning: Invalid Simulate Options: Body (KeyBlue5.Cube Pumpkin1) is set to simulate physics but Collision Enabled is incompatible
[2018.01.18-01.52.51:943][  0]PIE: Warning: Invalid Simulate Options: Body (KeyBlue6.Cube Pumpkin1) is set to simulate physics but Collision Enabled is incompatible
[2018.01.18-01.52.51:943][  0]PIE: Warning: Invalid Simulate Options: Body (KeyBlue6.Cube Pumpkin1) is set to simulate physics but Collision Enabled is incompatible
[2018.01.18-01.52.51:943][  0]PIE: Warning: Invalid Simulate Options: Body (KeyBlue7.Cube Pumpkin1) is set to simulate physics but Collision Enabled is incompatible
[2018.01.18-01.52.51:943][  0]PIE: Warning: Invalid Simulate Options: Body (KeyBlue7.Cube Pumpkin1) is set to simulate physics but Collision Enabled is incompatible
[2018.01.18-01.52.51:943][  0]PIE: Warning: Invalid Simulate Options: Body (KeyGreen2.Cube Pumpkin4) is set to simulate physics but Collision Enabled is incompatible
[2018.01.18-01.52.51:943][  0]PIE: Warning: Invalid Simulate Options: Body (KeyGreen2.Cube Pumpkin4) is set to simulate physics but Collision Enabled is incompatible
[2018.01.18-01.52.51:943][  0]PIE: Warning: Invalid Simulate Options: Body (KeyGreen3.Cube Pumpkin4) is set to simulate physics but Collision Enabled is incompatible
[2018.01.18-01.52.51:943][  0]PIE: Warning: Invalid Simulate Options: Body (KeyGreen3.Cube Pumpkin4) is set to simulate physics but Collision Enabled is incompatible
[2018.01.18-01.52.51:943][  0]PIE: Warning: Invalid Simulate Options: Body (KeyGreen4.Cube Pumpkin4) is set to simulate physics but Collision Enabled is incompatible
[2018.01.18-01.52.51:943][  0]PIE: Warning: Invalid Simulate Options: Body (KeyGreen4.Cube Pumpkin4) is set to simulate physics but Collision Enabled is incompatible
[2018.01.18-01.52.51:943][  0]PIE: Warning: Invalid Simulate Options: Body (KeyGreen5.Cube Pumpkin4) is set to simulate physics but Collision Enabled is incompatible
[2018.01.18-01.52.51:943][  0]PIE: Warning: Invalid Simulate Options: Body (KeyGreen5.Cube Pumpkin4) is set to simulate physics but Collision Enabled is incompatible
[2018.01.18-01.52.51:943][  0]PIE: Warning: Invalid Simulate Options: Body (KeyGreen_272.Cube Pumpkin4) is set to simulate physics but Collision Enabled is incompatible
[2018.01.18-01.52.51:944][  0]PIE: Warning: Invalid Simulate Options: Body (KeyGreen_272.Cube Pumpkin4) is set to simulate physics but Collision Enabled is incompatible
[2018.01.18-01.52.51:944][  0]PIE: Warning: Invalid Simulate Options: Body (KeyRed2_311.Cube Pumpkin2) is set to simulate physics but Collision Enabled is incompatible
[2018.01.18-01.52.51:944][  0]PIE: Warning: Invalid Simulate Options: Body (KeyRed2_311.Cube Pumpkin2) is set to simulate physics but Collision Enabled is incompatible
[2018.01.18-01.52.51:944][  0]PIE: Warning: Invalid Simulate Options: Body (KeyRed3.Cube Pumpkin2) is set to simulate physics but Collision Enabled is incompatible
[2018.01.18-01.52.51:944][  0]PIE: Warning: Invalid Simulate Options: Body (KeyRed3.Cube Pumpkin2) is set to simulate physics but Collision Enabled is incompatible
[2018.01.18-01.52.51:944][  0]PIE: Warning: Invalid Simulate Options: Body (KeyRed4.Cube Pumpkin2) is set to simulate physics but Collision Enabled is incompatible
[2018.01.18-01.52.51:944][  0]PIE: Warning: Invalid Simulate Options: Body (KeyRed4.Cube Pumpkin2) is set to simulate physics but Collision Enabled is incompatible
[2018.01.18-01.52.51:944][  0]PIE: Warning: Invalid Simulate Options: Body (KeyViolet2.Cube Pumpkin3) is set to simulate physics but Collision Enabled is incompatible
[2018.01.18-01.52.51:944][  0]PIE: Warning: Invalid Simulate Options: Body (KeyViolet2.Cube Pumpkin3) is set to simulate physics but Collision Enabled is incompatible
[2018.01.18-01.52.51:944][  0]PIE: Warning: Invalid Simulate Options: Body (KeyViolet_155.Cube Pumpkin3) is set to simulate physics but Collision Enabled is incompatible
[2018.01.18-01.52.51:944][  0]PIE: Warning: Invalid Simulate Options: Body (KeyViolet_155.Cube Pumpkin3) is set to simulate physics but Collision Enabled is incompatible
[2018.01.18-01.52.51:949][  0]LogLoad: Took 5.480770 seconds to LoadMap(/Game/Maps/Luis_Nightmare)
[2018.01.18-01.52.52:417][  0]LogRenderer: Reallocating scene render targets to support 1280x720 Format 10 NumSamples 1 (Frame:1).
[2018.01.18-01.52.52:417][  0]LogLoad: (Engine Initialization) Total time: 26.01 seconds
[2018.01.18-01.52.52:417][  0]LogLoad: (Engine Initialization) Total Blueprint compile time: 0.00 seconds
[2018.01.18-01.52.52:417][  0]LogExternalProfiler: No external profilers were discovered.  External profiling features will not be available.
[2018.01.18-01.52.52:436][  0]LogWindowsTextInputMethodSystem: Display: IME system now deactivated.
[2018.01.18-01.52.52:437][  0]LoadErrors: Error: /Game/Sound/criquetCue : Failed import for SoundWave /Game/Sound/criquets.criquets
[2018.01.18-01.52.52:443][  0]LogContentStreaming: Texture pool size now 1000 MB
[2018.01.18-01.53.43:323][770]LogBlueprintUserMessages: [GameHUD_C_0] Hello
[2018.01.18-01.54.07:100][231]LogWindowsTextInputMethodSystem: Display: IME system now deactivated.
[2018.01.18-01.54.07:105][231]LogEngine: All Windows Closed
[2018.01.18-01.54.07:105][231]LogWindows: FPlatformMisc::RequestExit(0)
[2018.01.18-01.54.07:142][232]LogExit: Preparing to exit.
[2018.01.18-01.54.07:143][232]LogMoviePlayer: Shutting down movie player
[2018.01.18-01.54.07:581][232]LogExit: Game engine shut down
[2018.01.18-01.54.07:840][232]LogExit: Object subsystem successfully closed.
[2018.01.18-01.54.07:891][232]LogD3D11RHI: Shutdown
[2018.01.18-01.54.07:891][232]LogD3D11RHI: CleanupD3DDevice
[2018.01.18-01.54.07:896][232]LogD3D11RHI: ~FD3D11DynamicRHI
[2018.01.18-01.54.07:925][232]LogModuleManager: Shutting down and abandoning module SequenceRecorderSections (312)
[2018.01.18-01.54.07:926][232]LogModuleManager: Shutting down and abandoning module SequenceRecorder (310)
[2018.01.18-01.54.07:926][232]LogModuleManager: Shutting down and abandoning module AutomationController (308)
[2018.01.18-01.54.07:926][232]LogModuleManager: Shutting down and abandoning module AutomationWorker (306)
[2018.01.18-01.54.07:926][232]LogModuleManager: Shutting down and abandoning module AIModule (304)
[2018.01.18-01.54.07:927][232]LogModuleManager: Shutting down and abandoning module GameplayDebugger (303)
[2018.01.18-01.54.07:927][232]LogModuleManager: Shutting down and abandoning module AITestSuite (301)
[2018.01.18-01.54.07:927][232]LogModuleManager: Shutting down and abandoning module WmfMediaFactory (298)
[2018.01.18-01.54.07:928][232]LogModuleManager: Shutting down and abandoning module OpenExrWrapper (296)
[2018.01.18-01.54.07:928][232]LogModuleManager: Shutting down and abandoning module ImgMediaFactory (294)
[2018.01.18-01.54.07:928][232]LogModuleManager: Shutting down and abandoning module AvfMediaFactory (292)
[2018.01.18-01.54.07:928][232]LogModuleManager: Shutting down and abandoning module CharacterAI (290)
[2018.01.18-01.54.07:928][232]LogModuleManager: Shutting down and abandoning module SessionServices (288)
[2018.01.18-01.54.07:928][232]LogModuleManager: Shutting down and abandoning module MovieSceneCapture (286)
[2018.01.18-01.54.07:928][232]LogModuleManager: Shutting down and abandoning module MovieSceneTracks (284)
[2018.01.18-01.54.07:928][232]LogModuleManager: Shutting down and abandoning module MovieScene (282)
[2018.01.18-01.54.07:928][232]LogModuleManager: Shutting down and abandoning module GeometryCache (280)
[2018.01.18-01.54.07:928][232]LogModuleManager: Shutting down and abandoning module GeometryCacheEd (279)
[2018.01.18-01.54.07:928][232]LogModuleManager: Shutting down and abandoning module StreamingPauseRendering (276)
[2018.01.18-01.54.07:928][232]LogModuleManager: Shutting down and abandoning module PortalServices (274)
[2018.01.18-01.54.07:928][232]LogModuleManager: Shutting down and abandoning module PortalRpc (272)
[2018.01.18-01.54.07:928][232]LogModuleManager: Shutting down and abandoning module MessagingRpc (270)
[2018.01.18-01.54.07:928][232]LogModuleManager: Shutting down and abandoning module ProfilerService (268)
[2018.01.18-01.54.08:130][232]LogModuleManager: Shutting down and abandoning module TaskGraph (266)
[2018.01.18-01.54.08:137][232]LogModuleManager: Shutting down and abandoning module SteamVRController (264)
[2018.01.18-01.54.08:137][232]LogModuleManager: Shutting down and abandoning module ProceduralMeshComponent (262)
[2018.01.18-01.54.08:137][232]LogModuleManager: Shutting down and abandoning module OculusInput (260)
[2018.01.18-01.54.08:137][232]LogModuleManager: Shutting down and abandoning module MobilePatchingUtils (258)
[2018.01.18-01.54.08:137][232]LogModuleManager: Shutting down and abandoning module CustomMeshComponent (256)
[2018.01.18-01.54.08:137][232]LogModuleManager: Shutting down and abandoning module CableComponent (254)
[2018.01.18-01.54.08:138][232]LogModuleManager: Shutting down and abandoning module ArchVisCharacter (252)
[2018.01.18-01.54.08:138][232]LogModuleManager: Shutting down and abandoning module AndroidPermission (250)
[2018.01.18-01.54.08:138][232]LogModuleManager: Shutting down and abandoning module ActorSequence (246)
[2018.01.18-01.54.08:138][232]LogModuleManager: Shutting down and abandoning module MediaCompositing (244)
[2018.01.18-01.54.08:138][232]LogModuleManager: Shutting down and abandoning module HTML5Networking (242)
[2018.01.18-01.54.08:138][232]LogModuleManager: Shutting down and abandoning module VisualStudioSourceCodeAccess (240)
[2018.01.18-01.54.08:138][232]LogModuleManager: Shutting down and abandoning module HotReload (239)
[2018.01.18-01.54.08:138][232]LogModuleManager: Shutting down and abandoning module VisualStudioCodeSourceCodeAccess (236)
[2018.01.18-01.54.08:138][232]LogModuleManager: Shutting down and abandoning module UObjectPlugin (234)
[2018.01.18-01.54.08:138][232]LogModuleManager: Shutting down and abandoning module SubversionSourceControl (232)
[2018.01.18-01.54.08:139][232]LogModuleManager: Shutting down and abandoning module PerforceSourceControl (230)
[2018.01.18-01.54.08:139][232]LogModuleManager: Shutting down and abandoning module SourceControl (229)
[2018.01.18-01.54.08:140][232]LogModuleManager: Shutting down and abandoning module RuntimePhysXCooking (226)
[2018.01.18-01.54.08:140][232]LogModuleManager: Shutting down and abandoning module PhysXVehiclesEditor (224)
[2018.01.18-01.54.08:140][232]LogModuleManager: Shutting down and abandoning module PhysXVehicles (222)
[2018.01.18-01.54.08:140][232]LogModuleManager: Shutting down and abandoning module LocationServicesBPLibrary (220)
[2018.01.18-01.54.08:140][232]LogModuleManager: Shutting down and abandoning module ImmediatePhysicsEditor (218)
[2018.01.18-01.54.08:140][232]LogModuleManager: Shutting down and abandoning module ImmediatePhysics (216)
[2018.01.18-01.54.08:140][232]LogModuleManager: Shutting down and abandoning module UdpMessaging (214)
[2018.01.18-01.54.08:243][232]LogModuleManager: Shutting down and abandoning module TcpMessaging (212)
[2018.01.18-01.54.08:352][232]LogModuleManager: Shutting down and abandoning module GameplayTagsEditor (210)
[2018.01.18-01.54.08:359][232]LogModuleManager: Shutting down and abandoning module FacialAnimation (208)
[2018.01.18-01.54.08:359][232]LogModuleManager: Shutting down and abandoning module AssetManagerEditor (206)
[2018.01.18-01.54.08:359][232]LogModuleManager: Shutting down and abandoning module GraphEditor (205)
[2018.01.18-01.54.08:359][232]LogModuleManager: Shutting down and abandoning module ContentBrowser (203)
[2018.01.18-01.54.08:360][232]LogModuleManager: Shutting down and abandoning module CollectionManager (202)
[2018.01.18-01.54.08:360][232]LogDirectoryWatcher: A directory notification for 'D:/00_Projects/00_University/Term01/GroupTerm01/Luis_Nightmare Final/BreakTheBuildFINAL/Content/Collections/' was aborted.
[2018.01.18-01.54.08:360][232]LogDirectoryWatcher: A directory notification for 'D:/00_Projects/00_University/Term01/GroupTerm01/Luis_Nightmare Final/BreakTheBuildFINAL/Content/Developers/Toby/Collections/' was aborted.
[2018.01.18-01.54.08:360][232]LogDirectoryWatcher: A directory notification for 'D:/00_Projects/00_University/Term01/GroupTerm01/Luis_Nightmare Final/BreakTheBuildFINAL/Saved/Collections/' was aborted.
[2018.01.18-01.54.08:361][232]LogModuleManager: Shutting down and abandoning module DirectoryWatcher (201)
[2018.01.18-01.54.08:361][232]LogModuleManager: Shutting down and abandoning module LightPropagationVolumeRuntime (196)
[2018.01.18-01.54.08:361][232]LogModuleManager: Shutting down and abandoning module Paper2D (194)
[2018.01.18-01.54.08:361][232]LogModuleManager: Shutting down and abandoning module WindowsMoviePlayer (192)
[2018.01.18-01.54.08:361][232]LogModuleManager: Shutting down and abandoning module WmfMedia (190)
[2018.01.18-01.54.08:363][232]LogModuleManager: Shutting down and abandoning module ImgMedia (188)
[2018.01.18-01.54.08:363][232]LogModuleManager: Shutting down and abandoning module PacketHandler (186)
[2018.01.18-01.54.08:363][232]LogModuleManager: Shutting down and abandoning module ClothingSystemEditor (184)
[2018.01.18-01.54.08:363][232]LogModuleManager: Shutting down and abandoning module ClothingSystemRuntime (182)
[2018.01.18-01.54.08:363][232]LogModuleManager: Shutting down and abandoning module MediaAssets (180)
[2018.01.18-01.54.08:363][232]LogModuleManager: Shutting down and abandoning module Media (179)
[2018.01.18-01.54.08:370][232]LogModuleManager: Shutting down and abandoning module Overlay (176)
[2018.01.18-01.54.08:370][232]LogModuleManager: Shutting down and abandoning module OverlayEditor (175)
[2018.01.18-01.54.08:370][232]LogModuleManager: Shutting down and abandoning module VREditor (172)
[2018.01.18-01.54.08:370][232]LogModuleManager: Shutting down and abandoning module StringTableEditor (170)
[2018.01.18-01.54.08:370][232]LogModuleManager: Shutting down and abandoning module GameplayTasksEditor (168)
[2018.01.18-01.54.08:370][232]LogModuleManager: Shutting down and abandoning module BehaviorTreeEditor (166)
[2018.01.18-01.54.08:372][232]LogModuleManager: Shutting down and abandoning module FunctionalTesting (164)
[2018.01.18-01.54.08:372][232]LogModuleManager: Shutting down and abandoning module CollisionAnalyzer (162)
[2018.01.18-01.54.08:372][232]LogModuleManager: Shutting down and abandoning module WorkspaceMenuStructure (161)
[2018.01.18-01.54.08:372][232]LogModuleManager: Shutting down and abandoning module UMG (158)
[2018.01.18-01.54.08:373][232]LogModuleManager: Shutting down and abandoning module UMGEditor (157)
[2018.01.18-01.54.08:374][232]LogModuleManager: Shutting down and abandoning module Sequencer (156)
[2018.01.18-01.54.08:375][232]LogModuleManager: Shutting down and abandoning module MessageLog (153)
[2018.01.18-01.54.08:375][232]LogModuleManager: Shutting down and abandoning module SlateReflector (148)
[2018.01.18-01.54.08:377][232]LogModuleManager: Shutting down and abandoning module Slate (146)
[2018.01.18-01.54.08:377][232]LogModuleManager: Shutting down and abandoning module EditorStyle (144)
[2018.01.18-01.54.08:382][232]LogModuleManager: Shutting down and abandoning module MRMesh (142)
[2018.01.18-01.54.08:382][232]LogModuleManager: Shutting down and abandoning module Messaging (140)
[2018.01.18-01.54.08:382][232]LogModuleManager: Shutting down and abandoning module SourceCodeAccess (138)
[2018.01.18-01.54.08:382][232]LogModuleManager: Shutting down and abandoning module HeadMountedDisplay (136)
[2018.01.18-01.54.08:382][232]LogModuleManager: Shutting down and abandoning module XAudio2 (134)
[2018.01.18-01.54.08:382][232]LogModuleManager: Shutting down and abandoning module Networking (132)
[2018.01.18-01.54.08:382][232]LogModuleManager: Shutting down and abandoning module Core (128)
[2018.01.18-01.54.08:382][232]LogModuleManager: Shutting down and abandoning module LevelSequence (126)
[2018.01.18-01.54.08:382][232]LogModuleManager: Shutting down and abandoning module KismetCompiler (124)
[2018.01.18-01.54.08:382][232]LogModuleManager: Shutting down and abandoning module MeshUtilities (122)
[2018.01.18-01.54.08:383][232]LogModuleManager: Shutting down and abandoning module MeshMergeUtilities (121)
[2018.01.18-01.54.08:383][232]LogModuleManager: Shutting down and abandoning module MeshReductionInterface (120)
[2018.01.18-01.54.08:383][232]LogModuleManager: Shutting down and abandoning module SimplygonSwarm (119)
[2018.01.18-01.54.08:383][232]LogModuleManager: Shutting down and abandoning module SimplygonMeshReduction (117)
[2018.01.18-01.54.08:383][232]LogModuleManager: Shutting down and abandoning module QuadricMeshReduction (115)
[2018.01.18-01.54.08:384][232]LogModuleManager: Shutting down and abandoning module MaterialBaking (111)
[2018.01.18-01.54.08:384][232]LogModuleManager: Shutting down and abandoning module DerivedDataCache (106)
[2018.01.18-01.54.08:527][232]LogDerivedDataCache: Shutdown
[2018.01.18-01.54.08:527][232]LogModuleManager: Shutting down and abandoning module TargetPlatform (104)
[2018.01.18-01.54.08:527][232]LogModuleManager: Shutting down and abandoning module VulkanShaderFormat (103)
[2018.01.18-01.54.08:527][232]LogModuleManager: Shutting down and abandoning module ShaderFormatVectorVM (101)
[2018.01.18-01.54.08:527][232]LogModuleManager: Shutting down and abandoning module ShaderFormatOpenGL (99)
[2018.01.18-01.54.08:528][232]LogModuleManager: Shutting down and abandoning module ShaderFormatD3D (97)
[2018.01.18-01.54.08:528][232]LogModuleManager: Shutting down and abandoning module MetalShaderFormat (95)
[2018.01.18-01.54.08:528][232]LogModuleManager: Shutting down and abandoning module TextureFormatUncompressed (93)
[2018.01.18-01.54.08:528][232]LogModuleManager: Shutting down and abandoning module TextureFormatPVR (91)
[2018.01.18-01.54.08:528][232]LogModuleManager: Shutting down and abandoning module TextureFormatDXT (89)
[2018.01.18-01.54.08:528][232]LogModuleManager: Shutting down and abandoning module TextureFormatIntelISPCTexComp (87)
[2018.01.18-01.54.08:529][232]LogModuleManager: Shutting down and abandoning module TextureFormatASTC (85)
[2018.01.18-01.54.08:529][232]LogModuleManager: Shutting down and abandoning module ImageWrapper (84)
[2018.01.18-01.54.08:529][232]LogModuleManager: Shutting down and abandoning module TextureFormatAndroid (81)
[2018.01.18-01.54.08:529][232]LogModuleManager: Shutting down and abandoning module AudioFormatOpus (79)
[2018.01.18-01.54.08:529][232]LogModuleManager: Shutting down and abandoning module AudioFormatOgg (77)
[2018.01.18-01.54.08:529][232]LogModuleManager: Shutting down and abandoning module AudioFormatADPCM (75)
[2018.01.18-01.54.08:529][232]LogModuleManager: Shutting down and abandoning module WindowsTargetPlatform (73)
[2018.01.18-01.54.08:529][232]LogModuleManager: Shutting down and abandoning module WindowsServerTargetPlatform (71)
[2018.01.18-01.54.08:529][232]LogModuleManager: Shutting down and abandoning module WindowsNoEditorTargetPlatform (69)
[2018.01.18-01.54.08:529][232]LogModuleManager: Shutting down and abandoning module WindowsClientTargetPlatform (67)
[2018.01.18-01.54.08:529][232]LogModuleManager: Shutting down and abandoning module InputCore (64)
[2018.01.18-01.54.08:529][232]LogModuleManager: Shutting down and abandoning module Settings (62)
[2018.01.18-01.54.08:529][232]LogModuleManager: Shutting down and abandoning module PhysXCooking (60)
[2018.01.18-01.54.08:529][232]LogModuleManager: Shutting down and abandoning module SteamVR (58)
[2018.01.18-01.54.08:529][232]LogModuleManager: Shutting down and abandoning module OculusHMD (56)
[2018.01.18-01.54.08:529][232]LogModuleManager: Shutting down and abandoning module ExampleDeviceProfileSelector (54)
[2018.01.18-01.54.08:529][232]LogModuleManager: Shutting down and abandoning module AppleARKit (52)
[2018.01.18-01.54.08:529][232]LogModuleManager: Shutting down and abandoning module AugmentedReality (51)
[2018.01.18-01.54.08:529][232]LogModuleManager: Shutting down and abandoning module OnlineBlueprintSupport (48)
[2018.01.18-01.54.08:529][232]LogModuleManager: Shutting down and abandoning module OnlineSubsystem (44)
[2018.01.18-01.54.08:530][232]LogModuleManager: Shutting down and abandoning module XMPP (43)
[2018.01.18-01.54.08:530][232]LogModuleManager: Shutting down and abandoning module HTTP (41)
[2018.01.18-01.54.08:553][232]LogModuleManager: Shutting down and abandoning module SSL (40)
[2018.01.18-01.54.08:555][232]LogModuleManager: Shutting down and abandoning module AnimationModifiers (36)
[2018.01.18-01.54.08:556][232]LogModuleManager: Shutting down and abandoning module PropertyEditor (35)
[2018.01.18-01.54.08:556][232]LogModuleManager: Shutting down and abandoning module AudioEditor (32)
[2018.01.18-01.54.08:557][232]LogModuleManager: Shutting down and abandoning module TextureCompressor (30)
[2018.01.18-01.54.08:557][232]LogModuleManager: Shutting down and abandoning module ShaderCore (28)
[2018.01.18-01.54.08:557][232]LogModuleManager: Shutting down and abandoning module Landscape (26)
[2018.01.18-01.54.08:557][232]LogModuleManager: Shutting down and abandoning module SlateRHIRenderer (24)
[2018.01.18-01.54.08:558][232]LogModuleManager: Shutting down and abandoning module OpenGLDrv (22)
[2018.01.18-01.54.08:558][232]LogModuleManager: Shutting down and abandoning module D3D11RHI (20)
[2018.01.18-01.54.08:558][232]LogModuleManager: Shutting down and abandoning module AnimGraphRuntime (18)
[2018.01.18-01.54.08:559][232]LogModuleManager: Shutting down and abandoning module Renderer (16)
[2018.01.18-01.54.08:559][232]LogModuleManager: Shutting down and abandoning module Engine (14)
[2018.01.18-01.54.08:559][232]LogModuleManager: Shutting down and abandoning module CoreUObject (12)
[2018.01.18-01.54.08:559][232]LogModuleManager: Shutting down and abandoning module NetworkFile (10)
[2018.01.18-01.54.08:559][232]LogModuleManager: Shutting down and abandoning module CookedIterativeFile (8)
[2018.01.18-01.54.08:559][232]LogModuleManager: Shutting down and abandoning module StreamingFile (6)
[2018.01.18-01.54.08:559][232]LogModuleManager: Shutting down and abandoning module SandboxFile (4)
[2018.01.18-01.54.08:559][232]LogModuleManager: Shutting down and abandoning module PakFile (2)
[2018.01.18-01.54.08:563][232]LogExit: Exiting.
[2018.01.18-01.54.08:565][232]Log file closed, 01/18/18 01:54:08
